This file contains any messages produced by compilers while
running configure, to aid debugging if configure makes a mistake.

It was created by ccminer_CPU configure 3.8.3-4, which was
generated by GNU Autoconf 2.72.  Invocation command line was

  $ ./configure

## --------- ##
## Platform. ##
## --------- ##

hostname = localhost
uname -m = aarch64
uname -r = 5.10.177-android12-9-00001-g219d8dfbba07-ab10551810
uname -s = Linux
uname -v = #1 SMP PREEMPT Tue Jul 18 17:01:24 UTC 2023

/usr/bin/uname -p = unknown
/bin/uname -X     = unknown

/bin/arch              = unknown
/usr/bin/arch -k       = unknown
/usr/convex/getsysinfo = unknown
/usr/bin/hostinfo      = unknown
/bin/machine           = unknown
/usr/bin/oslevel       = unknown
/bin/universe          = unknown

PATH: /data/data/com.termux/files/usr/bin/


## ----------- ##
## Core tests. ##
## ----------- ##

configure:2842: looking for aux files: compile missing install-sh config.guess config.sub
configure:2855:  trying ./
configure:2884:   ./compile found
configure:2884:   ./missing found
configure:2866:   ./install-sh found
configure:2884:   ./config.guess found
configure:2884:   ./config.sub found
configure:3005: checking build system type
configure:3021: result: aarch64-unknown-linux-gnu
configure:3041: checking host system type
configure:3056: result: aarch64-unknown-linux-gnu
configure:3076: checking target system type
configure:3091: result: aarch64-unknown-linux-gnu
configure:3136: checking for a BSD-compatible install
configure:3210: result: /data/data/com.termux/files/usr/bin/install -c
configure:3221: checking whether sleep supports fractional seconds
configure:3237: result: yes
configure:3240: checking filesystem timestamp resolution
configure:3375: result: 0.01
configure:3380: checking whether build environment is sane
configure:3421: result: yes
configure:3592: checking for a race-free mkdir -p
configure:3635: result: /data/data/com.termux/files/usr/bin/mkdir -p
configure:3642: checking for gawk
configure:3663: found /data/data/com.termux/files/usr/bin/gawk
configure:3675: result: gawk
configure:3686: checking whether make sets $(MAKE)
configure:3710: result: yes
configure:3736: checking whether make supports nested variables
configure:3755: result: yes
configure:3769: checking xargs -n works
configure:3785: result: yes
configure:3887: checking whether to enable maintainer-specific portions of Makefiles
configure:3898: result: no
configure:3925: checking whether make supports the include directive
configure:3940: make -f confmf.GNU && cat confinc.out
this is the am__doit target
configure:3943: $? = 0
configure:3962: result: yes (GNU style)
configure:4039: checking for gcc
configure:4060: found /data/data/com.termux/files/usr/bin/gcc
configure:4072: result: gcc
configure:4431: checking for C compiler version
configure:4440: gcc --version >&5
clang version 19.1.3
Target: aarch64-unknown-linux-android24
Thread model: posix
InstalledDir: /data/data/com.termux/files/usr/bin
configure:4451: $? = 0
configure:4440: gcc -v >&5
clang version 19.1.3
Target: aarch64-unknown-linux-android24
Thread model: posix
InstalledDir: /data/data/com.termux/files/usr/bin
configure:4451: $? = 0
configure:4440: gcc -V >&5
gcc: error: argument to '-V' is missing (expected 1 value)
gcc: error: no input files
configure:4451: $? = 1
configure:4440: gcc -qversion >&5
gcc: error: unknown argument '-qversion'; did you mean '--version'?
gcc: error: no input files
configure:4451: $? = 1
configure:4440: gcc -version >&5
gcc: error: unknown argument '-version'; did you mean '--version'?
gcc: error: no input files
configure:4451: $? = 1
configure:4471: checking whether the C compiler works
configure:4493: gcc -O3   conftest.c  >&5
configure:4497: $? = 0
configure:4548: result: yes
configure:4552: checking for C compiler default output file name
configure:4554: result: a.out
configure:4560: checking for suffix of executables
configure:4567: gcc -o conftest -O3   conftest.c  >&5
configure:4571: $? = 0
configure:4595: result: 
configure:4619: checking whether we are cross compiling
configure:4627: gcc -o conftest -O3   conftest.c  >&5
configure:4631: $? = 0
configure:4638: ./conftest
configure:4642: $? = 0
configure:4657: result: no
configure:4663: checking for suffix of object files
configure:4686: gcc -c -O3  conftest.c >&5
configure:4690: $? = 0
configure:4714: result: o
configure:4718: checking whether the compiler supports GNU C
configure:4738: gcc -c -O3  conftest.c >&5
configure:4738: $? = 0
configure:4750: result: yes
configure:4761: checking whether gcc accepts -g
configure:4782: gcc -c -g  conftest.c >&5
configure:4782: $? = 0
configure:4829: result: yes
configure:4849: checking for gcc option to enable C11 features
configure:4864: gcc  -c -O3  conftest.c >&5
configure:4864: $? = 0
configure:4883: result: none needed
configure:5007: checking whether gcc understands -c and -o together
configure:5030: gcc -c conftest.c -o conftest2.o
configure:5033: $? = 0
configure:5030: gcc -c conftest.c -o conftest2.o
configure:5033: $? = 0
configure:5046: result: yes
configure:5065: checking dependency style of gcc
configure:5178: result: gcc3
configure:5205: checking dependency style of gcc
configure:5316: result: gcc3
configure:5380: checking for ranlib
configure:5401: found /data/data/com.termux/files/usr/bin/ranlib
configure:5413: result: ranlib
configure:5505: checking for g++
configure:5526: found /data/data/com.termux/files/usr/bin/g++
configure:5538: result: g++
configure:5565: checking for C++ compiler version
configure:5574: g++ --version >&5
clang version 19.1.3
Target: aarch64-unknown-linux-android24
Thread model: posix
InstalledDir: /data/data/com.termux/files/usr/bin
configure:5585: $? = 0
configure:5574: g++ -v >&5
clang version 19.1.3
Target: aarch64-unknown-linux-android24
Thread model: posix
InstalledDir: /data/data/com.termux/files/usr/bin
configure:5585: $? = 0
configure:5574: g++ -V >&5
g++: error: argument to '-V' is missing (expected 1 value)
g++: error: no input files
configure:5585: $? = 1
configure:5574: g++ -qversion >&5
g++: error: unknown argument '-qversion'; did you mean '--version'?
g++: error: no input files
configure:5585: $? = 1
configure:5589: checking whether the compiler supports GNU C++
configure:5609: g++ -c   conftest.cpp >&5
configure:5609: $? = 0
configure:5621: result: yes
configure:5632: checking whether g++ accepts -g
configure:5653: g++ -c -g  conftest.cpp >&5
configure:5653: $? = 0
configure:5700: result: yes
configure:5720: checking for g++ option to enable C++11 features
configure:5735: g++  -c -g -O2  conftest.cpp >&5
conftest.cpp:30:12: error: target of using declaration conflicts with declaration already in scope
   30 | using std::strcmp;
      |            ^
conftest.cpp:25:14: note: target of using declaration
   25 |   extern int strcmp (const char *, const char *);
      |              ^
/data/data/com.termux/files/usr/include/string.h:111:5: note: conflicting declaration
  111 | int strcmp(const char* _Nonnull __lhs, const char* _Nonnull __rhs) __attribute_pure__;
      |     ^
conftest.cpp:177:25: warning: empty parentheses interpreted as a function declaration [-Wvexing-parse]
  177 |   cxx11test::delegate d2();
      |                         ^~
conftest.cpp:177:25: note: remove parentheses to declare a variable
  177 |   cxx11test::delegate d2();
      |                         ^~
1 warning and 1 error generated.
configure:5735: $? = 1
configure: failed program was:
| /* confdefs.h */
| #define PACKAGE_NAME "ccminer_CPU"
| #define PACKAGE_TARNAME "ccminer"
| #define PACKAGE_VERSION "3.8.3-4"
| #define PACKAGE_STRING "ccminer_CPU 3.8.3-4"
| #define PACKAGE_BUGREPORT ""
| #define PACKAGE_URL "http://github.com/monkins1010/ccminer"
| #define PACKAGE "ccminer"
| #define VERSION "3.8.3-4"
| /* end confdefs.h.  */
| 
| // Does the compiler advertise C++98 conformance?
| #if !defined __cplusplus || __cplusplus < 199711L
| # error "Compiler does not advertise C++98 conformance"
| #endif
| 
| // These inclusions are to reject old compilers that
| // lack the unsuffixed header files.
| #include <cstdlib>
| #include <exception>
| 
| // <cassert> and <cstring> are *not* freestanding headers in C++98.
| extern void assert (int);
| namespace std {
|   extern int strcmp (const char *, const char *);
| }
| 
| // Namespaces, exceptions, and templates were all added after "C++ 2.0".
| using std::exception;
| using std::strcmp;
| 
| namespace {
| 
| void test_exception_syntax()
| {
|   try {
|     throw "test";
|   } catch (const char *s) {
|     // Extra parentheses suppress a warning when building autoconf itself,
|     // due to lint rules shared with more typical C programs.
|     assert (!(strcmp) (s, "test"));
|   }
| }
| 
| template <typename T> struct test_template
| {
|   T const val;
|   explicit test_template(T t) : val(t) {}
|   template <typename U> T add(U u) { return static_cast<T>(u) + val; }
| };
| 
| } // anonymous namespace
| 
| 
| // Does the compiler advertise C++ 2011 conformance?
| #if !defined __cplusplus || __cplusplus < 201103L
| # error "Compiler does not advertise C++11 conformance"
| #endif
| 
| namespace cxx11test
| {
|   constexpr int get_val() { return 20; }
| 
|   struct testinit
|   {
|     int i;
|     double d;
|   };
| 
|   class delegate
|   {
|   public:
|     delegate(int n) : n(n) {}
|     delegate(): delegate(2354) {}
| 
|     virtual int getval() { return this->n; };
|   protected:
|     int n;
|   };
| 
|   class overridden : public delegate
|   {
|   public:
|     overridden(int n): delegate(n) {}
|     virtual int getval() override final { return this->n * 2; }
|   };
| 
|   class nocopy
|   {
|   public:
|     nocopy(int i): i(i) {}
|     nocopy() = default;
|     nocopy(const nocopy&) = delete;
|     nocopy & operator=(const nocopy&) = delete;
|   private:
|     int i;
|   };
| 
|   // for testing lambda expressions
|   template <typename Ret, typename Fn> Ret eval(Fn f, Ret v)
|   {
|     return f(v);
|   }
| 
|   // for testing variadic templates and trailing return types
|   template <typename V> auto sum(V first) -> V
|   {
|     return first;
|   }
|   template <typename V, typename... Args> auto sum(V first, Args... rest) -> V
|   {
|     return first + sum(rest...);
|   }
| }
| 
| 
| int
| main (int argc, char **argv)
| {
|   int ok = 0;
|   
|   assert (argc);
|   assert (! argv[0]);
| {
|   test_exception_syntax ();
|   test_template<double> tt (2.0);
|   assert (tt.add (4) == 6.0);
|   assert (true && !false);
| }
| 
|   
| {
|   // Test auto and decltype
|   auto a1 = 6538;
|   auto a2 = 48573953.4;
|   auto a3 = "String literal";
| 
|   int total = 0;
|   for (auto i = a3; *i; ++i) { total += *i; }
| 
|   decltype(a2) a4 = 34895.034;
| }
| {
|   // Test constexpr
|   short sa[cxx11test::get_val()] = { 0 };
| }
| {
|   // Test initializer lists
|   cxx11test::testinit il = { 4323, 435234.23544 };
| }
| {
|   // Test range-based for
|   int array[] = {9, 7, 13, 15, 4, 18, 12, 10, 5, 3,
|                  14, 19, 17, 8, 6, 20, 16, 2, 11, 1};
|   for (auto &x : array) { x += 23; }
| }
| {
|   // Test lambda expressions
|   using cxx11test::eval;
|   assert (eval ([](int x) { return x*2; }, 21) == 42);
|   double d = 2.0;
|   assert (eval ([&](double x) { return d += x; }, 3.0) == 5.0);
|   assert (d == 5.0);
|   assert (eval ([=](double x) mutable { return d += x; }, 4.0) == 9.0);
|   assert (d == 5.0);
| }
| {
|   // Test use of variadic templates
|   using cxx11test::sum;
|   auto a = sum(1);
|   auto b = sum(1, 2);
|   auto c = sum(1.0, 2.0, 3.0);
| }
| {
|   // Test constructor delegation
|   cxx11test::delegate d1;
|   cxx11test::delegate d2();
|   cxx11test::delegate d3(45);
| }
| {
|   // Test override and final
|   cxx11test::overridden o1(55464);
| }
| {
|   // Test nullptr
|   char *c = nullptr;
| }
| {
|   // Test template brackets
|   test_template<::test_template<int>> v(test_template<int>(12));
| }
| {
|   // Unicode literals
|   char const *utf8 = u8"UTF-8 string \u2500";
|   char16_t const *utf16 = u"UTF-8 string \u2500";
|   char32_t const *utf32 = U"UTF-32 string \u2500";
| }
| 
|   return ok;
| }
| 
configure:5735: g++ -std=gnu++11 -c -g -O2  conftest.cpp >&5
conftest.cpp:30:12: error: target of using declaration conflicts with declaration already in scope
   30 | using std::strcmp;
      |            ^
conftest.cpp:25:14: note: target of using declaration
   25 |   extern int strcmp (const char *, const char *);
      |              ^
/data/data/com.termux/files/usr/include/string.h:111:5: note: conflicting declaration
  111 | int strcmp(const char* _Nonnull __lhs, const char* _Nonnull __rhs) __attribute_pure__;
      |     ^
conftest.cpp:177:25: warning: empty parentheses interpreted as a function declaration [-Wvexing-parse]
  177 |   cxx11test::delegate d2();
      |                         ^~
conftest.cpp:177:25: note: remove parentheses to declare a variable
  177 |   cxx11test::delegate d2();
      |                         ^~
1 warning and 1 error generated.
configure:5735: $? = 1
configure: failed program was:
| /* confdefs.h */
| #define PACKAGE_NAME "ccminer_CPU"
| #define PACKAGE_TARNAME "ccminer"
| #define PACKAGE_VERSION "3.8.3-4"
| #define PACKAGE_STRING "ccminer_CPU 3.8.3-4"
| #define PACKAGE_BUGREPORT ""
| #define PACKAGE_URL "http://github.com/monkins1010/ccminer"
| #define PACKAGE "ccminer"
| #define VERSION "3.8.3-4"
| /* end confdefs.h.  */
| 
| // Does the compiler advertise C++98 conformance?
| #if !defined __cplusplus || __cplusplus < 199711L
| # error "Compiler does not advertise C++98 conformance"
| #endif
| 
| // These inclusions are to reject old compilers that
| // lack the unsuffixed header files.
| #include <cstdlib>
| #include <exception>
| 
| // <cassert> and <cstring> are *not* freestanding headers in C++98.
| extern void assert (int);
| namespace std {
|   extern int strcmp (const char *, const char *);
| }
| 
| // Namespaces, exceptions, and templates were all added after "C++ 2.0".
| using std::exception;
| using std::strcmp;
| 
| namespace {
| 
| void test_exception_syntax()
| {
|   try {
|     throw "test";
|   } catch (const char *s) {
|     // Extra parentheses suppress a warning when building autoconf itself,
|     // due to lint rules shared with more typical C programs.
|     assert (!(strcmp) (s, "test"));
|   }
| }
| 
| template <typename T> struct test_template
| {
|   T const val;
|   explicit test_template(T t) : val(t) {}
|   template <typename U> T add(U u) { return static_cast<T>(u) + val; }
| };
| 
| } // anonymous namespace
| 
| 
| // Does the compiler advertise C++ 2011 conformance?
| #if !defined __cplusplus || __cplusplus < 201103L
| # error "Compiler does not advertise C++11 conformance"
| #endif
| 
| namespace cxx11test
| {
|   constexpr int get_val() { return 20; }
| 
|   struct testinit
|   {
|     int i;
|     double d;
|   };
| 
|   class delegate
|   {
|   public:
|     delegate(int n) : n(n) {}
|     delegate(): delegate(2354) {}
| 
|     virtual int getval() { return this->n; };
|   protected:
|     int n;
|   };
| 
|   class overridden : public delegate
|   {
|   public:
|     overridden(int n): delegate(n) {}
|     virtual int getval() override final { return this->n * 2; }
|   };
| 
|   class nocopy
|   {
|   public:
|     nocopy(int i): i(i) {}
|     nocopy() = default;
|     nocopy(const nocopy&) = delete;
|     nocopy & operator=(const nocopy&) = delete;
|   private:
|     int i;
|   };
| 
|   // for testing lambda expressions
|   template <typename Ret, typename Fn> Ret eval(Fn f, Ret v)
|   {
|     return f(v);
|   }
| 
|   // for testing variadic templates and trailing return types
|   template <typename V> auto sum(V first) -> V
|   {
|     return first;
|   }
|   template <typename V, typename... Args> auto sum(V first, Args... rest) -> V
|   {
|     return first + sum(rest...);
|   }
| }
| 
| 
| int
| main (int argc, char **argv)
| {
|   int ok = 0;
|   
|   assert (argc);
|   assert (! argv[0]);
| {
|   test_exception_syntax ();
|   test_template<double> tt (2.0);
|   assert (tt.add (4) == 6.0);
|   assert (true && !false);
| }
| 
|   
| {
|   // Test auto and decltype
|   auto a1 = 6538;
|   auto a2 = 48573953.4;
|   auto a3 = "String literal";
| 
|   int total = 0;
|   for (auto i = a3; *i; ++i) { total += *i; }
| 
|   decltype(a2) a4 = 34895.034;
| }
| {
|   // Test constexpr
|   short sa[cxx11test::get_val()] = { 0 };
| }
| {
|   // Test initializer lists
|   cxx11test::testinit il = { 4323, 435234.23544 };
| }
| {
|   // Test range-based for
|   int array[] = {9, 7, 13, 15, 4, 18, 12, 10, 5, 3,
|                  14, 19, 17, 8, 6, 20, 16, 2, 11, 1};
|   for (auto &x : array) { x += 23; }
| }
| {
|   // Test lambda expressions
|   using cxx11test::eval;
|   assert (eval ([](int x) { return x*2; }, 21) == 42);
|   double d = 2.0;
|   assert (eval ([&](double x) { return d += x; }, 3.0) == 5.0);
|   assert (d == 5.0);
|   assert (eval ([=](double x) mutable { return d += x; }, 4.0) == 9.0);
|   assert (d == 5.0);
| }
| {
|   // Test use of variadic templates
|   using cxx11test::sum;
|   auto a = sum(1);
|   auto b = sum(1, 2);
|   auto c = sum(1.0, 2.0, 3.0);
| }
| {
|   // Test constructor delegation
|   cxx11test::delegate d1;
|   cxx11test::delegate d2();
|   cxx11test::delegate d3(45);
| }
| {
|   // Test override and final
|   cxx11test::overridden o1(55464);
| }
| {
|   // Test nullptr
|   char *c = nullptr;
| }
| {
|   // Test template brackets
|   test_template<::test_template<int>> v(test_template<int>(12));
| }
| {
|   // Unicode literals
|   char const *utf8 = u8"UTF-8 string \u2500";
|   char16_t const *utf16 = u"UTF-8 string \u2500";
|   char32_t const *utf32 = U"UTF-32 string \u2500";
| }
| 
|   return ok;
| }
| 
configure:5735: g++ -std=gnu++0x -c -g -O2  conftest.cpp >&5
conftest.cpp:30:12: error: target of using declaration conflicts with declaration already in scope
   30 | using std::strcmp;
      |            ^
conftest.cpp:25:14: note: target of using declaration
   25 |   extern int strcmp (const char *, const char *);
      |              ^
/data/data/com.termux/files/usr/include/string.h:111:5: note: conflicting declaration
  111 | int strcmp(const char* _Nonnull __lhs, const char* _Nonnull __rhs) __attribute_pure__;
      |     ^
conftest.cpp:177:25: warning: empty parentheses interpreted as a function declaration [-Wvexing-parse]
  177 |   cxx11test::delegate d2();
      |                         ^~
conftest.cpp:177:25: note: remove parentheses to declare a variable
  177 |   cxx11test::delegate d2();
      |                         ^~
1 warning and 1 error generated.
configure:5735: $? = 1
configure: failed program was:
| /* confdefs.h */
| #define PACKAGE_NAME "ccminer_CPU"
| #define PACKAGE_TARNAME "ccminer"
| #define PACKAGE_VERSION "3.8.3-4"
| #define PACKAGE_STRING "ccminer_CPU 3.8.3-4"
| #define PACKAGE_BUGREPORT ""
| #define PACKAGE_URL "http://github.com/monkins1010/ccminer"
| #define PACKAGE "ccminer"
| #define VERSION "3.8.3-4"
| /* end confdefs.h.  */
| 
| // Does the compiler advertise C++98 conformance?
| #if !defined __cplusplus || __cplusplus < 199711L
| # error "Compiler does not advertise C++98 conformance"
| #endif
| 
| // These inclusions are to reject old compilers that
| // lack the unsuffixed header files.
| #include <cstdlib>
| #include <exception>
| 
| // <cassert> and <cstring> are *not* freestanding headers in C++98.
| extern void assert (int);
| namespace std {
|   extern int strcmp (const char *, const char *);
| }
| 
| // Namespaces, exceptions, and templates were all added after "C++ 2.0".
| using std::exception;
| using std::strcmp;
| 
| namespace {
| 
| void test_exception_syntax()
| {
|   try {
|     throw "test";
|   } catch (const char *s) {
|     // Extra parentheses suppress a warning when building autoconf itself,
|     // due to lint rules shared with more typical C programs.
|     assert (!(strcmp) (s, "test"));
|   }
| }
| 
| template <typename T> struct test_template
| {
|   T const val;
|   explicit test_template(T t) : val(t) {}
|   template <typename U> T add(U u) { return static_cast<T>(u) + val; }
| };
| 
| } // anonymous namespace
| 
| 
| // Does the compiler advertise C++ 2011 conformance?
| #if !defined __cplusplus || __cplusplus < 201103L
| # error "Compiler does not advertise C++11 conformance"
| #endif
| 
| namespace cxx11test
| {
|   constexpr int get_val() { return 20; }
| 
|   struct testinit
|   {
|     int i;
|     double d;
|   };
| 
|   class delegate
|   {
|   public:
|     delegate(int n) : n(n) {}
|     delegate(): delegate(2354) {}
| 
|     virtual int getval() { return this->n; };
|   protected:
|     int n;
|   };
| 
|   class overridden : public delegate
|   {
|   public:
|     overridden(int n): delegate(n) {}
|     virtual int getval() override final { return this->n * 2; }
|   };
| 
|   class nocopy
|   {
|   public:
|     nocopy(int i): i(i) {}
|     nocopy() = default;
|     nocopy(const nocopy&) = delete;
|     nocopy & operator=(const nocopy&) = delete;
|   private:
|     int i;
|   };
| 
|   // for testing lambda expressions
|   template <typename Ret, typename Fn> Ret eval(Fn f, Ret v)
|   {
|     return f(v);
|   }
| 
|   // for testing variadic templates and trailing return types
|   template <typename V> auto sum(V first) -> V
|   {
|     return first;
|   }
|   template <typename V, typename... Args> auto sum(V first, Args... rest) -> V
|   {
|     return first + sum(rest...);
|   }
| }
| 
| 
| int
| main (int argc, char **argv)
| {
|   int ok = 0;
|   
|   assert (argc);
|   assert (! argv[0]);
| {
|   test_exception_syntax ();
|   test_template<double> tt (2.0);
|   assert (tt.add (4) == 6.0);
|   assert (true && !false);
| }
| 
|   
| {
|   // Test auto and decltype
|   auto a1 = 6538;
|   auto a2 = 48573953.4;
|   auto a3 = "String literal";
| 
|   int total = 0;
|   for (auto i = a3; *i; ++i) { total += *i; }
| 
|   decltype(a2) a4 = 34895.034;
| }
| {
|   // Test constexpr
|   short sa[cxx11test::get_val()] = { 0 };
| }
| {
|   // Test initializer lists
|   cxx11test::testinit il = { 4323, 435234.23544 };
| }
| {
|   // Test range-based for
|   int array[] = {9, 7, 13, 15, 4, 18, 12, 10, 5, 3,
|                  14, 19, 17, 8, 6, 20, 16, 2, 11, 1};
|   for (auto &x : array) { x += 23; }
| }
| {
|   // Test lambda expressions
|   using cxx11test::eval;
|   assert (eval ([](int x) { return x*2; }, 21) == 42);
|   double d = 2.0;
|   assert (eval ([&](double x) { return d += x; }, 3.0) == 5.0);
|   assert (d == 5.0);
|   assert (eval ([=](double x) mutable { return d += x; }, 4.0) == 9.0);
|   assert (d == 5.0);
| }
| {
|   // Test use of variadic templates
|   using cxx11test::sum;
|   auto a = sum(1);
|   auto b = sum(1, 2);
|   auto c = sum(1.0, 2.0, 3.0);
| }
| {
|   // Test constructor delegation
|   cxx11test::delegate d1;
|   cxx11test::delegate d2();
|   cxx11test::delegate d3(45);
| }
| {
|   // Test override and final
|   cxx11test::overridden o1(55464);
| }
| {
|   // Test nullptr
|   char *c = nullptr;
| }
| {
|   // Test template brackets
|   test_template<::test_template<int>> v(test_template<int>(12));
| }
| {
|   // Unicode literals
|   char const *utf8 = u8"UTF-8 string \u2500";
|   char16_t const *utf16 = u"UTF-8 string \u2500";
|   char32_t const *utf32 = U"UTF-32 string \u2500";
| }
| 
|   return ok;
| }
| 
configure:5735: g++ -std=c++11 -c -g -O2  conftest.cpp >&5
conftest.cpp:30:12: error: target of using declaration conflicts with declaration already in scope
   30 | using std::strcmp;
      |            ^
conftest.cpp:25:14: note: target of using declaration
   25 |   extern int strcmp (const char *, const char *);
      |              ^
/data/data/com.termux/files/usr/include/string.h:111:5: note: conflicting declaration
  111 | int strcmp(const char* _Nonnull __lhs, const char* _Nonnull __rhs) __attribute_pure__;
      |     ^
conftest.cpp:177:25: warning: empty parentheses interpreted as a function declaration [-Wvexing-parse]
  177 |   cxx11test::delegate d2();
      |                         ^~
conftest.cpp:177:25: note: remove parentheses to declare a variable
  177 |   cxx11test::delegate d2();
      |                         ^~
1 warning and 1 error generated.
configure:5735: $? = 1
configure: failed program was:
| /* confdefs.h */
| #define PACKAGE_NAME "ccminer_CPU"
| #define PACKAGE_TARNAME "ccminer"
| #define PACKAGE_VERSION "3.8.3-4"
| #define PACKAGE_STRING "ccminer_CPU 3.8.3-4"
| #define PACKAGE_BUGREPORT ""
| #define PACKAGE_URL "http://github.com/monkins1010/ccminer"
| #define PACKAGE "ccminer"
| #define VERSION "3.8.3-4"
| /* end confdefs.h.  */
| 
| // Does the compiler advertise C++98 conformance?
| #if !defined __cplusplus || __cplusplus < 199711L
| # error "Compiler does not advertise C++98 conformance"
| #endif
| 
| // These inclusions are to reject old compilers that
| // lack the unsuffixed header files.
| #include <cstdlib>
| #include <exception>
| 
| // <cassert> and <cstring> are *not* freestanding headers in C++98.
| extern void assert (int);
| namespace std {
|   extern int strcmp (const char *, const char *);
| }
| 
| // Namespaces, exceptions, and templates were all added after "C++ 2.0".
| using std::exception;
| using std::strcmp;
| 
| namespace {
| 
| void test_exception_syntax()
| {
|   try {
|     throw "test";
|   } catch (const char *s) {
|     // Extra parentheses suppress a warning when building autoconf itself,
|     // due to lint rules shared with more typical C programs.
|     assert (!(strcmp) (s, "test"));
|   }
| }
| 
| template <typename T> struct test_template
| {
|   T const val;
|   explicit test_template(T t) : val(t) {}
|   template <typename U> T add(U u) { return static_cast<T>(u) + val; }
| };
| 
| } // anonymous namespace
| 
| 
| // Does the compiler advertise C++ 2011 conformance?
| #if !defined __cplusplus || __cplusplus < 201103L
| # error "Compiler does not advertise C++11 conformance"
| #endif
| 
| namespace cxx11test
| {
|   constexpr int get_val() { return 20; }
| 
|   struct testinit
|   {
|     int i;
|     double d;
|   };
| 
|   class delegate
|   {
|   public:
|     delegate(int n) : n(n) {}
|     delegate(): delegate(2354) {}
| 
|     virtual int getval() { return this->n; };
|   protected:
|     int n;
|   };
| 
|   class overridden : public delegate
|   {
|   public:
|     overridden(int n): delegate(n) {}
|     virtual int getval() override final { return this->n * 2; }
|   };
| 
|   class nocopy
|   {
|   public:
|     nocopy(int i): i(i) {}
|     nocopy() = default;
|     nocopy(const nocopy&) = delete;
|     nocopy & operator=(const nocopy&) = delete;
|   private:
|     int i;
|   };
| 
|   // for testing lambda expressions
|   template <typename Ret, typename Fn> Ret eval(Fn f, Ret v)
|   {
|     return f(v);
|   }
| 
|   // for testing variadic templates and trailing return types
|   template <typename V> auto sum(V first) -> V
|   {
|     return first;
|   }
|   template <typename V, typename... Args> auto sum(V first, Args... rest) -> V
|   {
|     return first + sum(rest...);
|   }
| }
| 
| 
| int
| main (int argc, char **argv)
| {
|   int ok = 0;
|   
|   assert (argc);
|   assert (! argv[0]);
| {
|   test_exception_syntax ();
|   test_template<double> tt (2.0);
|   assert (tt.add (4) == 6.0);
|   assert (true && !false);
| }
| 
|   
| {
|   // Test auto and decltype
|   auto a1 = 6538;
|   auto a2 = 48573953.4;
|   auto a3 = "String literal";
| 
|   int total = 0;
|   for (auto i = a3; *i; ++i) { total += *i; }
| 
|   decltype(a2) a4 = 34895.034;
| }
| {
|   // Test constexpr
|   short sa[cxx11test::get_val()] = { 0 };
| }
| {
|   // Test initializer lists
|   cxx11test::testinit il = { 4323, 435234.23544 };
| }
| {
|   // Test range-based for
|   int array[] = {9, 7, 13, 15, 4, 18, 12, 10, 5, 3,
|                  14, 19, 17, 8, 6, 20, 16, 2, 11, 1};
|   for (auto &x : array) { x += 23; }
| }
| {
|   // Test lambda expressions
|   using cxx11test::eval;
|   assert (eval ([](int x) { return x*2; }, 21) == 42);
|   double d = 2.0;
|   assert (eval ([&](double x) { return d += x; }, 3.0) == 5.0);
|   assert (d == 5.0);
|   assert (eval ([=](double x) mutable { return d += x; }, 4.0) == 9.0);
|   assert (d == 5.0);
| }
| {
|   // Test use of variadic templates
|   using cxx11test::sum;
|   auto a = sum(1);
|   auto b = sum(1, 2);
|   auto c = sum(1.0, 2.0, 3.0);
| }
| {
|   // Test constructor delegation
|   cxx11test::delegate d1;
|   cxx11test::delegate d2();
|   cxx11test::delegate d3(45);
| }
| {
|   // Test override and final
|   cxx11test::overridden o1(55464);
| }
| {
|   // Test nullptr
|   char *c = nullptr;
| }
| {
|   // Test template brackets
|   test_template<::test_template<int>> v(test_template<int>(12));
| }
| {
|   // Unicode literals
|   char const *utf8 = u8"UTF-8 string \u2500";
|   char16_t const *utf16 = u"UTF-8 string \u2500";
|   char32_t const *utf32 = U"UTF-32 string \u2500";
| }
| 
|   return ok;
| }
| 
configure:5735: g++ -std=c++0x -c -g -O2  conftest.cpp >&5
conftest.cpp:30:12: error: target of using declaration conflicts with declaration already in scope
   30 | using std::strcmp;
      |            ^
conftest.cpp:25:14: note: target of using declaration
   25 |   extern int strcmp (const char *, const char *);
      |              ^
/data/data/com.termux/files/usr/include/string.h:111:5: note: conflicting declaration
  111 | int strcmp(const char* _Nonnull __lhs, const char* _Nonnull __rhs) __attribute_pure__;
      |     ^
conftest.cpp:177:25: warning: empty parentheses interpreted as a function declaration [-Wvexing-parse]
  177 |   cxx11test::delegate d2();
      |                         ^~
conftest.cpp:177:25: note: remove parentheses to declare a variable
  177 |   cxx11test::delegate d2();
      |                         ^~
1 warning and 1 error generated.
configure:5735: $? = 1
configure: failed program was:
| /* confdefs.h */
| #define PACKAGE_NAME "ccminer_CPU"
| #define PACKAGE_TARNAME "ccminer"
| #define PACKAGE_VERSION "3.8.3-4"
| #define PACKAGE_STRING "ccminer_CPU 3.8.3-4"
| #define PACKAGE_BUGREPORT ""
| #define PACKAGE_URL "http://github.com/monkins1010/ccminer"
| #define PACKAGE "ccminer"
| #define VERSION "3.8.3-4"
| /* end confdefs.h.  */
| 
| // Does the compiler advertise C++98 conformance?
| #if !defined __cplusplus || __cplusplus < 199711L
| # error "Compiler does not advertise C++98 conformance"
| #endif
| 
| // These inclusions are to reject old compilers that
| // lack the unsuffixed header files.
| #include <cstdlib>
| #include <exception>
| 
| // <cassert> and <cstring> are *not* freestanding headers in C++98.
| extern void assert (int);
| namespace std {
|   extern int strcmp (const char *, const char *);
| }
| 
| // Namespaces, exceptions, and templates were all added after "C++ 2.0".
| using std::exception;
| using std::strcmp;
| 
| namespace {
| 
| void test_exception_syntax()
| {
|   try {
|     throw "test";
|   } catch (const char *s) {
|     // Extra parentheses suppress a warning when building autoconf itself,
|     // due to lint rules shared with more typical C programs.
|     assert (!(strcmp) (s, "test"));
|   }
| }
| 
| template <typename T> struct test_template
| {
|   T const val;
|   explicit test_template(T t) : val(t) {}
|   template <typename U> T add(U u) { return static_cast<T>(u) + val; }
| };
| 
| } // anonymous namespace
| 
| 
| // Does the compiler advertise C++ 2011 conformance?
| #if !defined __cplusplus || __cplusplus < 201103L
| # error "Compiler does not advertise C++11 conformance"
| #endif
| 
| namespace cxx11test
| {
|   constexpr int get_val() { return 20; }
| 
|   struct testinit
|   {
|     int i;
|     double d;
|   };
| 
|   class delegate
|   {
|   public:
|     delegate(int n) : n(n) {}
|     delegate(): delegate(2354) {}
| 
|     virtual int getval() { return this->n; };
|   protected:
|     int n;
|   };
| 
|   class overridden : public delegate
|   {
|   public:
|     overridden(int n): delegate(n) {}
|     virtual int getval() override final { return this->n * 2; }
|   };
| 
|   class nocopy
|   {
|   public:
|     nocopy(int i): i(i) {}
|     nocopy() = default;
|     nocopy(const nocopy&) = delete;
|     nocopy & operator=(const nocopy&) = delete;
|   private:
|     int i;
|   };
| 
|   // for testing lambda expressions
|   template <typename Ret, typename Fn> Ret eval(Fn f, Ret v)
|   {
|     return f(v);
|   }
| 
|   // for testing variadic templates and trailing return types
|   template <typename V> auto sum(V first) -> V
|   {
|     return first;
|   }
|   template <typename V, typename... Args> auto sum(V first, Args... rest) -> V
|   {
|     return first + sum(rest...);
|   }
| }
| 
| 
| int
| main (int argc, char **argv)
| {
|   int ok = 0;
|   
|   assert (argc);
|   assert (! argv[0]);
| {
|   test_exception_syntax ();
|   test_template<double> tt (2.0);
|   assert (tt.add (4) == 6.0);
|   assert (true && !false);
| }
| 
|   
| {
|   // Test auto and decltype
|   auto a1 = 6538;
|   auto a2 = 48573953.4;
|   auto a3 = "String literal";
| 
|   int total = 0;
|   for (auto i = a3; *i; ++i) { total += *i; }
| 
|   decltype(a2) a4 = 34895.034;
| }
| {
|   // Test constexpr
|   short sa[cxx11test::get_val()] = { 0 };
| }
| {
|   // Test initializer lists
|   cxx11test::testinit il = { 4323, 435234.23544 };
| }
| {
|   // Test range-based for
|   int array[] = {9, 7, 13, 15, 4, 18, 12, 10, 5, 3,
|                  14, 19, 17, 8, 6, 20, 16, 2, 11, 1};
|   for (auto &x : array) { x += 23; }
| }
| {
|   // Test lambda expressions
|   using cxx11test::eval;
|   assert (eval ([](int x) { return x*2; }, 21) == 42);
|   double d = 2.0;
|   assert (eval ([&](double x) { return d += x; }, 3.0) == 5.0);
|   assert (d == 5.0);
|   assert (eval ([=](double x) mutable { return d += x; }, 4.0) == 9.0);
|   assert (d == 5.0);
| }
| {
|   // Test use of variadic templates
|   using cxx11test::sum;
|   auto a = sum(1);
|   auto b = sum(1, 2);
|   auto c = sum(1.0, 2.0, 3.0);
| }
| {
|   // Test constructor delegation
|   cxx11test::delegate d1;
|   cxx11test::delegate d2();
|   cxx11test::delegate d3(45);
| }
| {
|   // Test override and final
|   cxx11test::overridden o1(55464);
| }
| {
|   // Test nullptr
|   char *c = nullptr;
| }
| {
|   // Test template brackets
|   test_template<::test_template<int>> v(test_template<int>(12));
| }
| {
|   // Unicode literals
|   char const *utf8 = u8"UTF-8 string \u2500";
|   char16_t const *utf16 = u"UTF-8 string \u2500";
|   char32_t const *utf32 = U"UTF-32 string \u2500";
| }
| 
|   return ok;
| }
| 
configure:5735: g++ -qlanglvl=extended0x -c -g -O2  conftest.cpp >&5
g++: error: unknown argument: '-qlanglvl=extended0x'
configure:5735: $? = 1
configure: failed program was:
| /* confdefs.h */
| #define PACKAGE_NAME "ccminer_CPU"
| #define PACKAGE_TARNAME "ccminer"
| #define PACKAGE_VERSION "3.8.3-4"
| #define PACKAGE_STRING "ccminer_CPU 3.8.3-4"
| #define PACKAGE_BUGREPORT ""
| #define PACKAGE_URL "http://github.com/monkins1010/ccminer"
| #define PACKAGE "ccminer"
| #define VERSION "3.8.3-4"
| /* end confdefs.h.  */
| 
| // Does the compiler advertise C++98 conformance?
| #if !defined __cplusplus || __cplusplus < 199711L
| # error "Compiler does not advertise C++98 conformance"
| #endif
| 
| // These inclusions are to reject old compilers that
| // lack the unsuffixed header files.
| #include <cstdlib>
| #include <exception>
| 
| // <cassert> and <cstring> are *not* freestanding headers in C++98.
| extern void assert (int);
| namespace std {
|   extern int strcmp (const char *, const char *);
| }
| 
| // Namespaces, exceptions, and templates were all added after "C++ 2.0".
| using std::exception;
| using std::strcmp;
| 
| namespace {
| 
| void test_exception_syntax()
| {
|   try {
|     throw "test";
|   } catch (const char *s) {
|     // Extra parentheses suppress a warning when building autoconf itself,
|     // due to lint rules shared with more typical C programs.
|     assert (!(strcmp) (s, "test"));
|   }
| }
| 
| template <typename T> struct test_template
| {
|   T const val;
|   explicit test_template(T t) : val(t) {}
|   template <typename U> T add(U u) { return static_cast<T>(u) + val; }
| };
| 
| } // anonymous namespace
| 
| 
| // Does the compiler advertise C++ 2011 conformance?
| #if !defined __cplusplus || __cplusplus < 201103L
| # error "Compiler does not advertise C++11 conformance"
| #endif
| 
| namespace cxx11test
| {
|   constexpr int get_val() { return 20; }
| 
|   struct testinit
|   {
|     int i;
|     double d;
|   };
| 
|   class delegate
|   {
|   public:
|     delegate(int n) : n(n) {}
|     delegate(): delegate(2354) {}
| 
|     virtual int getval() { return this->n; };
|   protected:
|     int n;
|   };
| 
|   class overridden : public delegate
|   {
|   public:
|     overridden(int n): delegate(n) {}
|     virtual int getval() override final { return this->n * 2; }
|   };
| 
|   class nocopy
|   {
|   public:
|     nocopy(int i): i(i) {}
|     nocopy() = default;
|     nocopy(const nocopy&) = delete;
|     nocopy & operator=(const nocopy&) = delete;
|   private:
|     int i;
|   };
| 
|   // for testing lambda expressions
|   template <typename Ret, typename Fn> Ret eval(Fn f, Ret v)
|   {
|     return f(v);
|   }
| 
|   // for testing variadic templates and trailing return types
|   template <typename V> auto sum(V first) -> V
|   {
|     return first;
|   }
|   template <typename V, typename... Args> auto sum(V first, Args... rest) -> V
|   {
|     return first + sum(rest...);
|   }
| }
| 
| 
| int
| main (int argc, char **argv)
| {
|   int ok = 0;
|   
|   assert (argc);
|   assert (! argv[0]);
| {
|   test_exception_syntax ();
|   test_template<double> tt (2.0);
|   assert (tt.add (4) == 6.0);
|   assert (true && !false);
| }
| 
|   
| {
|   // Test auto and decltype
|   auto a1 = 6538;
|   auto a2 = 48573953.4;
|   auto a3 = "String literal";
| 
|   int total = 0;
|   for (auto i = a3; *i; ++i) { total += *i; }
| 
|   decltype(a2) a4 = 34895.034;
| }
| {
|   // Test constexpr
|   short sa[cxx11test::get_val()] = { 0 };
| }
| {
|   // Test initializer lists
|   cxx11test::testinit il = { 4323, 435234.23544 };
| }
| {
|   // Test range-based for
|   int array[] = {9, 7, 13, 15, 4, 18, 12, 10, 5, 3,
|                  14, 19, 17, 8, 6, 20, 16, 2, 11, 1};
|   for (auto &x : array) { x += 23; }
| }
| {
|   // Test lambda expressions
|   using cxx11test::eval;
|   assert (eval ([](int x) { return x*2; }, 21) == 42);
|   double d = 2.0;
|   assert (eval ([&](double x) { return d += x; }, 3.0) == 5.0);
|   assert (d == 5.0);
|   assert (eval ([=](double x) mutable { return d += x; }, 4.0) == 9.0);
|   assert (d == 5.0);
| }
| {
|   // Test use of variadic templates
|   using cxx11test::sum;
|   auto a = sum(1);
|   auto b = sum(1, 2);
|   auto c = sum(1.0, 2.0, 3.0);
| }
| {
|   // Test constructor delegation
|   cxx11test::delegate d1;
|   cxx11test::delegate d2();
|   cxx11test::delegate d3(45);
| }
| {
|   // Test override and final
|   cxx11test::overridden o1(55464);
| }
| {
|   // Test nullptr
|   char *c = nullptr;
| }
| {
|   // Test template brackets
|   test_template<::test_template<int>> v(test_template<int>(12));
| }
| {
|   // Unicode literals
|   char const *utf8 = u8"UTF-8 string \u2500";
|   char16_t const *utf16 = u"UTF-8 string \u2500";
|   char32_t const *utf32 = U"UTF-32 string \u2500";
| }
| 
|   return ok;
| }
| 
configure:5735: g++ -AA -c -g -O2  conftest.cpp >&5
g++: warning: argument unused during compilation: '-AA' [-Wunused-command-line-argument]
conftest.cpp:30:12: error: target of using declaration conflicts with declaration already in scope
   30 | using std::strcmp;
      |            ^
conftest.cpp:25:14: note: target of using declaration
   25 |   extern int strcmp (const char *, const char *);
      |              ^
/data/data/com.termux/files/usr/include/string.h:111:5: note: conflicting declaration
  111 | int strcmp(const char* _Nonnull __lhs, const char* _Nonnull __rhs) __attribute_pure__;
      |     ^
conftest.cpp:177:25: warning: empty parentheses interpreted as a function declaration [-Wvexing-parse]
  177 |   cxx11test::delegate d2();
      |                         ^~
conftest.cpp:177:25: note: remove parentheses to declare a variable
  177 |   cxx11test::delegate d2();
      |                         ^~
1 warning and 1 error generated.
configure:5735: $? = 1
configure: failed program was:
| /* confdefs.h */
| #define PACKAGE_NAME "ccminer_CPU"
| #define PACKAGE_TARNAME "ccminer"
| #define PACKAGE_VERSION "3.8.3-4"
| #define PACKAGE_STRING "ccminer_CPU 3.8.3-4"
| #define PACKAGE_BUGREPORT ""
| #define PACKAGE_URL "http://github.com/monkins1010/ccminer"
| #define PACKAGE "ccminer"
| #define VERSION "3.8.3-4"
| /* end confdefs.h.  */
| 
| // Does the compiler advertise C++98 conformance?
| #if !defined __cplusplus || __cplusplus < 199711L
| # error "Compiler does not advertise C++98 conformance"
| #endif
| 
| // These inclusions are to reject old compilers that
| // lack the unsuffixed header files.
| #include <cstdlib>
| #include <exception>
| 
| // <cassert> and <cstring> are *not* freestanding headers in C++98.
| extern void assert (int);
| namespace std {
|   extern int strcmp (const char *, const char *);
| }
| 
| // Namespaces, exceptions, and templates were all added after "C++ 2.0".
| using std::exception;
| using std::strcmp;
| 
| namespace {
| 
| void test_exception_syntax()
| {
|   try {
|     throw "test";
|   } catch (const char *s) {
|     // Extra parentheses suppress a warning when building autoconf itself,
|     // due to lint rules shared with more typical C programs.
|     assert (!(strcmp) (s, "test"));
|   }
| }
| 
| template <typename T> struct test_template
| {
|   T const val;
|   explicit test_template(T t) : val(t) {}
|   template <typename U> T add(U u) { return static_cast<T>(u) + val; }
| };
| 
| } // anonymous namespace
| 
| 
| // Does the compiler advertise C++ 2011 conformance?
| #if !defined __cplusplus || __cplusplus < 201103L
| # error "Compiler does not advertise C++11 conformance"
| #endif
| 
| namespace cxx11test
| {
|   constexpr int get_val() { return 20; }
| 
|   struct testinit
|   {
|     int i;
|     double d;
|   };
| 
|   class delegate
|   {
|   public:
|     delegate(int n) : n(n) {}
|     delegate(): delegate(2354) {}
| 
|     virtual int getval() { return this->n; };
|   protected:
|     int n;
|   };
| 
|   class overridden : public delegate
|   {
|   public:
|     overridden(int n): delegate(n) {}
|     virtual int getval() override final { return this->n * 2; }
|   };
| 
|   class nocopy
|   {
|   public:
|     nocopy(int i): i(i) {}
|     nocopy() = default;
|     nocopy(const nocopy&) = delete;
|     nocopy & operator=(const nocopy&) = delete;
|   private:
|     int i;
|   };
| 
|   // for testing lambda expressions
|   template <typename Ret, typename Fn> Ret eval(Fn f, Ret v)
|   {
|     return f(v);
|   }
| 
|   // for testing variadic templates and trailing return types
|   template <typename V> auto sum(V first) -> V
|   {
|     return first;
|   }
|   template <typename V, typename... Args> auto sum(V first, Args... rest) -> V
|   {
|     return first + sum(rest...);
|   }
| }
| 
| 
| int
| main (int argc, char **argv)
| {
|   int ok = 0;
|   
|   assert (argc);
|   assert (! argv[0]);
| {
|   test_exception_syntax ();
|   test_template<double> tt (2.0);
|   assert (tt.add (4) == 6.0);
|   assert (true && !false);
| }
| 
|   
| {
|   // Test auto and decltype
|   auto a1 = 6538;
|   auto a2 = 48573953.4;
|   auto a3 = "String literal";
| 
|   int total = 0;
|   for (auto i = a3; *i; ++i) { total += *i; }
| 
|   decltype(a2) a4 = 34895.034;
| }
| {
|   // Test constexpr
|   short sa[cxx11test::get_val()] = { 0 };
| }
| {
|   // Test initializer lists
|   cxx11test::testinit il = { 4323, 435234.23544 };
| }
| {
|   // Test range-based for
|   int array[] = {9, 7, 13, 15, 4, 18, 12, 10, 5, 3,
|                  14, 19, 17, 8, 6, 20, 16, 2, 11, 1};
|   for (auto &x : array) { x += 23; }
| }
| {
|   // Test lambda expressions
|   using cxx11test::eval;
|   assert (eval ([](int x) { return x*2; }, 21) == 42);
|   double d = 2.0;
|   assert (eval ([&](double x) { return d += x; }, 3.0) == 5.0);
|   assert (d == 5.0);
|   assert (eval ([=](double x) mutable { return d += x; }, 4.0) == 9.0);
|   assert (d == 5.0);
| }
| {
|   // Test use of variadic templates
|   using cxx11test::sum;
|   auto a = sum(1);
|   auto b = sum(1, 2);
|   auto c = sum(1.0, 2.0, 3.0);
| }
| {
|   // Test constructor delegation
|   cxx11test::delegate d1;
|   cxx11test::delegate d2();
|   cxx11test::delegate d3(45);
| }
| {
|   // Test override and final
|   cxx11test::overridden o1(55464);
| }
| {
|   // Test nullptr
|   char *c = nullptr;
| }
| {
|   // Test template brackets
|   test_template<::test_template<int>> v(test_template<int>(12));
| }
| {
|   // Unicode literals
|   char const *utf8 = u8"UTF-8 string \u2500";
|   char16_t const *utf16 = u"UTF-8 string \u2500";
|   char32_t const *utf32 = U"UTF-32 string \u2500";
| }
| 
|   return ok;
| }
| 
configure:5749: result: unsupported
configure:5769: checking for g++ option to enable C++98 features
configure:5784: g++  -c -g -O2  conftest.cpp >&5
conftest.cpp:30:12: error: target of using declaration conflicts with declaration already in scope
   30 | using std::strcmp;
      |            ^
conftest.cpp:25:14: note: target of using declaration
   25 |   extern int strcmp (const char *, const char *);
      |              ^
/data/data/com.termux/files/usr/include/string.h:111:5: note: conflicting declaration
  111 | int strcmp(const char* _Nonnull __lhs, const char* _Nonnull __rhs) __attribute_pure__;
      |     ^
1 error generated.
configure:5784: $? = 1
configure: failed program was:
| /* confdefs.h */
| #define PACKAGE_NAME "ccminer_CPU"
| #define PACKAGE_TARNAME "ccminer"
| #define PACKAGE_VERSION "3.8.3-4"
| #define PACKAGE_STRING "ccminer_CPU 3.8.3-4"
| #define PACKAGE_BUGREPORT ""
| #define PACKAGE_URL "http://github.com/monkins1010/ccminer"
| #define PACKAGE "ccminer"
| #define VERSION "3.8.3-4"
| /* end confdefs.h.  */
| 
| // Does the compiler advertise C++98 conformance?
| #if !defined __cplusplus || __cplusplus < 199711L
| # error "Compiler does not advertise C++98 conformance"
| #endif
| 
| // These inclusions are to reject old compilers that
| // lack the unsuffixed header files.
| #include <cstdlib>
| #include <exception>
| 
| // <cassert> and <cstring> are *not* freestanding headers in C++98.
| extern void assert (int);
| namespace std {
|   extern int strcmp (const char *, const char *);
| }
| 
| // Namespaces, exceptions, and templates were all added after "C++ 2.0".
| using std::exception;
| using std::strcmp;
| 
| namespace {
| 
| void test_exception_syntax()
| {
|   try {
|     throw "test";
|   } catch (const char *s) {
|     // Extra parentheses suppress a warning when building autoconf itself,
|     // due to lint rules shared with more typical C programs.
|     assert (!(strcmp) (s, "test"));
|   }
| }
| 
| template <typename T> struct test_template
| {
|   T const val;
|   explicit test_template(T t) : val(t) {}
|   template <typename U> T add(U u) { return static_cast<T>(u) + val; }
| };
| 
| } // anonymous namespace
| 
| int
| main (int argc, char **argv)
| {
|   int ok = 0;
|   
|   assert (argc);
|   assert (! argv[0]);
| {
|   test_exception_syntax ();
|   test_template<double> tt (2.0);
|   assert (tt.add (4) == 6.0);
|   assert (true && !false);
| }
| 
|   return ok;
| }
| 
configure:5784: g++ -std=gnu++98 -c -g -O2  conftest.cpp >&5
conftest.cpp:30:12: error: target of using declaration conflicts with declaration already in scope
   30 | using std::strcmp;
      |            ^
conftest.cpp:25:14: note: target of using declaration
   25 |   extern int strcmp (const char *, const char *);
      |              ^
/data/data/com.termux/files/usr/include/string.h:111:5: note: conflicting declaration
  111 | int strcmp(const char* _Nonnull __lhs, const char* _Nonnull __rhs) __attribute_pure__;
      |     ^
1 error generated.
configure:5784: $? = 1
configure: failed program was:
| /* confdefs.h */
| #define PACKAGE_NAME "ccminer_CPU"
| #define PACKAGE_TARNAME "ccminer"
| #define PACKAGE_VERSION "3.8.3-4"
| #define PACKAGE_STRING "ccminer_CPU 3.8.3-4"
| #define PACKAGE_BUGREPORT ""
| #define PACKAGE_URL "http://github.com/monkins1010/ccminer"
| #define PACKAGE "ccminer"
| #define VERSION "3.8.3-4"
| /* end confdefs.h.  */
| 
| // Does the compiler advertise C++98 conformance?
| #if !defined __cplusplus || __cplusplus < 199711L
| # error "Compiler does not advertise C++98 conformance"
| #endif
| 
| // These inclusions are to reject old compilers that
| // lack the unsuffixed header files.
| #include <cstdlib>
| #include <exception>
| 
| // <cassert> and <cstring> are *not* freestanding headers in C++98.
| extern void assert (int);
| namespace std {
|   extern int strcmp (const char *, const char *);
| }
| 
| // Namespaces, exceptions, and templates were all added after "C++ 2.0".
| using std::exception;
| using std::strcmp;
| 
| namespace {
| 
| void test_exception_syntax()
| {
|   try {
|     throw "test";
|   } catch (const char *s) {
|     // Extra parentheses suppress a warning when building autoconf itself,
|     // due to lint rules shared with more typical C programs.
|     assert (!(strcmp) (s, "test"));
|   }
| }
| 
| template <typename T> struct test_template
| {
|   T const val;
|   explicit test_template(T t) : val(t) {}
|   template <typename U> T add(U u) { return static_cast<T>(u) + val; }
| };
| 
| } // anonymous namespace
| 
| int
| main (int argc, char **argv)
| {
|   int ok = 0;
|   
|   assert (argc);
|   assert (! argv[0]);
| {
|   test_exception_syntax ();
|   test_template<double> tt (2.0);
|   assert (tt.add (4) == 6.0);
|   assert (true && !false);
| }
| 
|   return ok;
| }
| 
configure:5784: g++ -std=c++98 -c -g -O2  conftest.cpp >&5
conftest.cpp:30:12: error: target of using declaration conflicts with declaration already in scope
   30 | using std::strcmp;
      |            ^
conftest.cpp:25:14: note: target of using declaration
   25 |   extern int strcmp (const char *, const char *);
      |              ^
/data/data/com.termux/files/usr/include/string.h:111:5: note: conflicting declaration
  111 | int strcmp(const char* _Nonnull __lhs, const char* _Nonnull __rhs) __attribute_pure__;
      |     ^
1 error generated.
configure:5784: $? = 1
configure: failed program was:
| /* confdefs.h */
| #define PACKAGE_NAME "ccminer_CPU"
| #define PACKAGE_TARNAME "ccminer"
| #define PACKAGE_VERSION "3.8.3-4"
| #define PACKAGE_STRING "ccminer_CPU 3.8.3-4"
| #define PACKAGE_BUGREPORT ""
| #define PACKAGE_URL "http://github.com/monkins1010/ccminer"
| #define PACKAGE "ccminer"
| #define VERSION "3.8.3-4"
| /* end confdefs.h.  */
| 
| // Does the compiler advertise C++98 conformance?
| #if !defined __cplusplus || __cplusplus < 199711L
| # error "Compiler does not advertise C++98 conformance"
| #endif
| 
| // These inclusions are to reject old compilers that
| // lack the unsuffixed header files.
| #include <cstdlib>
| #include <exception>
| 
| // <cassert> and <cstring> are *not* freestanding headers in C++98.
| extern void assert (int);
| namespace std {
|   extern int strcmp (const char *, const char *);
| }
| 
| // Namespaces, exceptions, and templates were all added after "C++ 2.0".
| using std::exception;
| using std::strcmp;
| 
| namespace {
| 
| void test_exception_syntax()
| {
|   try {
|     throw "test";
|   } catch (const char *s) {
|     // Extra parentheses suppress a warning when building autoconf itself,
|     // due to lint rules shared with more typical C programs.
|     assert (!(strcmp) (s, "test"));
|   }
| }
| 
| template <typename T> struct test_template
| {
|   T const val;
|   explicit test_template(T t) : val(t) {}
|   template <typename U> T add(U u) { return static_cast<T>(u) + val; }
| };
| 
| } // anonymous namespace
| 
| int
| main (int argc, char **argv)
| {
|   int ok = 0;
|   
|   assert (argc);
|   assert (! argv[0]);
| {
|   test_exception_syntax ();
|   test_template<double> tt (2.0);
|   assert (tt.add (4) == 6.0);
|   assert (true && !false);
| }
| 
|   return ok;
| }
| 
configure:5784: g++ -qlanglvl=extended -c -g -O2  conftest.cpp >&5
g++: error: unknown argument: '-qlanglvl=extended'
configure:5784: $? = 1
configure: failed program was:
| /* confdefs.h */
| #define PACKAGE_NAME "ccminer_CPU"
| #define PACKAGE_TARNAME "ccminer"
| #define PACKAGE_VERSION "3.8.3-4"
| #define PACKAGE_STRING "ccminer_CPU 3.8.3-4"
| #define PACKAGE_BUGREPORT ""
| #define PACKAGE_URL "http://github.com/monkins1010/ccminer"
| #define PACKAGE "ccminer"
| #define VERSION "3.8.3-4"
| /* end confdefs.h.  */
| 
| // Does the compiler advertise C++98 conformance?
| #if !defined __cplusplus || __cplusplus < 199711L
| # error "Compiler does not advertise C++98 conformance"
| #endif
| 
| // These inclusions are to reject old compilers that
| // lack the unsuffixed header files.
| #include <cstdlib>
| #include <exception>
| 
| // <cassert> and <cstring> are *not* freestanding headers in C++98.
| extern void assert (int);
| namespace std {
|   extern int strcmp (const char *, const char *);
| }
| 
| // Namespaces, exceptions, and templates were all added after "C++ 2.0".
| using std::exception;
| using std::strcmp;
| 
| namespace {
| 
| void test_exception_syntax()
| {
|   try {
|     throw "test";
|   } catch (const char *s) {
|     // Extra parentheses suppress a warning when building autoconf itself,
|     // due to lint rules shared with more typical C programs.
|     assert (!(strcmp) (s, "test"));
|   }
| }
| 
| template <typename T> struct test_template
| {
|   T const val;
|   explicit test_template(T t) : val(t) {}
|   template <typename U> T add(U u) { return static_cast<T>(u) + val; }
| };
| 
| } // anonymous namespace
| 
| int
| main (int argc, char **argv)
| {
|   int ok = 0;
|   
|   assert (argc);
|   assert (! argv[0]);
| {
|   test_exception_syntax ();
|   test_template<double> tt (2.0);
|   assert (tt.add (4) == 6.0);
|   assert (true && !false);
| }
| 
|   return ok;
| }
| 
configure:5784: g++ -AA -c -g -O2  conftest.cpp >&5
g++: warning: argument unused during compilation: '-AA' [-Wunused-command-line-argument]
conftest.cpp:30:12: error: target of using declaration conflicts with declaration already in scope
   30 | using std::strcmp;
      |            ^
conftest.cpp:25:14: note: target of using declaration
   25 |   extern int strcmp (const char *, const char *);
      |              ^
/data/data/com.termux/files/usr/include/string.h:111:5: note: conflicting declaration
  111 | int strcmp(const char* _Nonnull __lhs, const char* _Nonnull __rhs) __attribute_pure__;
      |     ^
1 error generated.
configure:5784: $? = 1
configure: failed program was:
| /* confdefs.h */
| #define PACKAGE_NAME "ccminer_CPU"
| #define PACKAGE_TARNAME "ccminer"
| #define PACKAGE_VERSION "3.8.3-4"
| #define PACKAGE_STRING "ccminer_CPU 3.8.3-4"
| #define PACKAGE_BUGREPORT ""
| #define PACKAGE_URL "http://github.com/monkins1010/ccminer"
| #define PACKAGE "ccminer"
| #define VERSION "3.8.3-4"
| /* end confdefs.h.  */
| 
| // Does the compiler advertise C++98 conformance?
| #if !defined __cplusplus || __cplusplus < 199711L
| # error "Compiler does not advertise C++98 conformance"
| #endif
| 
| // These inclusions are to reject old compilers that
| // lack the unsuffixed header files.
| #include <cstdlib>
| #include <exception>
| 
| // <cassert> and <cstring> are *not* freestanding headers in C++98.
| extern void assert (int);
| namespace std {
|   extern int strcmp (const char *, const char *);
| }
| 
| // Namespaces, exceptions, and templates were all added after "C++ 2.0".
| using std::exception;
| using std::strcmp;
| 
| namespace {
| 
| void test_exception_syntax()
| {
|   try {
|     throw "test";
|   } catch (const char *s) {
|     // Extra parentheses suppress a warning when building autoconf itself,
|     // due to lint rules shared with more typical C programs.
|     assert (!(strcmp) (s, "test"));
|   }
| }
| 
| template <typename T> struct test_template
| {
|   T const val;
|   explicit test_template(T t) : val(t) {}
|   template <typename U> T add(U u) { return static_cast<T>(u) + val; }
| };
| 
| } // anonymous namespace
| 
| int
| main (int argc, char **argv)
| {
|   int ok = 0;
|   
|   assert (argc);
|   assert (! argv[0]);
| {
|   test_exception_syntax ();
|   test_template<double> tt (2.0);
|   assert (tt.add (4) == 6.0);
|   assert (true && !false);
| }
| 
|   return ok;
| }
| 
configure:5798: result: unsupported
configure:5825: checking dependency style of g++
configure:5938: result: gcc3
configure:5965: checking for gcc option to support OpenMP
configure:5987: gcc -c -O3   conftest.c >&5
conftest.c:13:2: error: "OpenMP not supported"
   13 | #error "OpenMP not supported"
      |  ^
1 error generated.
configure:5987: $? = 1
configure: failed program was:
| /* confdefs.h */
| #define PACKAGE_NAME "ccminer_CPU"
| #define PACKAGE_TARNAME "ccminer"
| #define PACKAGE_VERSION "3.8.3-4"
| #define PACKAGE_STRING "ccminer_CPU 3.8.3-4"
| #define PACKAGE_BUGREPORT ""
| #define PACKAGE_URL "http://github.com/monkins1010/ccminer"
| #define PACKAGE "ccminer"
| #define VERSION "3.8.3-4"
| /* end confdefs.h.  */
| 
| #ifndef _OPENMP
| #error "OpenMP not supported"
| #endif
| #include <omp.h>
| int main (void) { return omp_get_num_threads (); }
| 
configure:5987: gcc -c -O3 -fopenmp  conftest.c >&5
configure:5987: $? = 0
configure:5999: gcc -o conftest -O3 -fopenmp   conftest.c  >&5
configure:5999: $? = 0
configure:6024: result: -fopenmp
configure:6038: checking for stdio.h
configure:6038: gcc -c -O3  conftest.c >&5
configure:6038: $? = 0
configure:6038: result: yes
configure:6038: checking for stdlib.h
configure:6038: gcc -c -O3  conftest.c >&5
configure:6038: $? = 0
configure:6038: result: yes
configure:6038: checking for string.h
configure:6038: gcc -c -O3  conftest.c >&5
configure:6038: $? = 0
configure:6038: result: yes
configure:6038: checking for inttypes.h
configure:6038: gcc -c -O3  conftest.c >&5
configure:6038: $? = 0
configure:6038: result: yes
configure:6038: checking for stdint.h
configure:6038: gcc -c -O3  conftest.c >&5
configure:6038: $? = 0
configure:6038: result: yes
configure:6038: checking for strings.h
configure:6038: gcc -c -O3  conftest.c >&5
configure:6038: $? = 0
configure:6038: result: yes
configure:6038: checking for sys/stat.h
configure:6038: gcc -c -O3  conftest.c >&5
configure:6038: $? = 0
configure:6038: result: yes
configure:6038: checking for sys/types.h
configure:6038: gcc -c -O3  conftest.c >&5
configure:6038: $? = 0
configure:6038: result: yes
configure:6038: checking for unistd.h
configure:6038: gcc -c -O3  conftest.c >&5
configure:6038: $? = 0
configure:6038: result: yes
configure:6063: checking for grep that handles long lines and -e
configure:6129: result: /data/data/com.termux/files/usr/bin/grep
configure:6137: checking for egrep
configure:6207: result: /data/data/com.termux/files/usr/bin/grep -E
configure:6215: checking for sys/endian.h
configure:6215: gcc -c -O3  conftest.c >&5
configure:6215: $? = 0
configure:6215: result: yes
configure:6221: checking for sys/param.h
configure:6221: gcc -c -O3  conftest.c >&5
configure:6221: $? = 0
configure:6221: result: yes
configure:6227: checking for syslog.h
configure:6227: gcc -c -O3  conftest.c >&5
configure:6227: $? = 0
configure:6227: result: yes
configure:6236: checking for sys/sysctl.h
configure:6236: gcc -c -O3  conftest.c >&5
configure:6236: $? = 0
configure:6236: result: yes
configure:6249: checking for gcc options needed to detect all undeclared functions
configure:6271: gcc -c -O3   conftest.c >&5
conftest.c:29:8: error: call to undeclared library function 'strchr' with type 'char *(const char *, int)'; ISO C99 and later do not support implicit function declarations [-Wimplicit-function-declaration]
   29 | (void) strchr;
      |        ^
conftest.c:29:8: note: include the header <string.h> or explicitly provide a declaration for 'strchr'
1 error generated.
configure:6271: $? = 1
configure: failed program was:
| /* confdefs.h */
| #define PACKAGE_NAME "ccminer_CPU"
| #define PACKAGE_TARNAME "ccminer"
| #define PACKAGE_VERSION "3.8.3-4"
| #define PACKAGE_STRING "ccminer_CPU 3.8.3-4"
| #define PACKAGE_BUGREPORT ""
| #define PACKAGE_URL "http://github.com/monkins1010/ccminer"
| #define PACKAGE "ccminer"
| #define VERSION "3.8.3-4"
| #define HAVE_STDIO_H 1
| #define HAVE_STDLIB_H 1
| #define HAVE_STRING_H 1
| #define HAVE_INTTYPES_H 1
| #define HAVE_STDINT_H 1
| #define HAVE_STRINGS_H 1
| #define HAVE_SYS_STAT_H 1
| #define HAVE_SYS_TYPES_H 1
| #define HAVE_UNISTD_H 1
| #define STDC_HEADERS 1
| #define HAVE_SYS_ENDIAN_H 1
| #define HAVE_SYS_PARAM_H 1
| #define HAVE_SYSLOG_H 1
| #define HAVE_SYS_SYSCTL_H 1
| /* end confdefs.h.  */
| 
| int
| main (void)
| {
| (void) strchr;
|   ;
|   return 0;
| }
configure:6298: gcc -c -O3   conftest.c >&5
configure:6298: $? = 0
configure:6318: result: none needed
configure:6332: checking whether be32dec is declared
configure:6332: gcc -c -O3   conftest.c >&5
conftest.c:65:10: error: use of undeclared identifier 'be32dec'
   65 |   (void) be32dec;
      |          ^
1 error generated.
configure:6332: $? = 1
configure: failed program was:
| /* confdefs.h */
| #define PACKAGE_NAME "ccminer_CPU"
| #define PACKAGE_TARNAME "ccminer"
| #define PACKAGE_VERSION "3.8.3-4"
| #define PACKAGE_STRING "ccminer_CPU 3.8.3-4"
| #define PACKAGE_BUGREPORT ""
| #define PACKAGE_URL "http://github.com/monkins1010/ccminer"
| #define PACKAGE "ccminer"
| #define VERSION "3.8.3-4"
| #define HAVE_STDIO_H 1
| #define HAVE_STDLIB_H 1
| #define HAVE_STRING_H 1
| #define HAVE_INTTYPES_H 1
| #define HAVE_STDINT_H 1
| #define HAVE_STRINGS_H 1
| #define HAVE_SYS_STAT_H 1
| #define HAVE_SYS_TYPES_H 1
| #define HAVE_UNISTD_H 1
| #define STDC_HEADERS 1
| #define HAVE_SYS_ENDIAN_H 1
| #define HAVE_SYS_PARAM_H 1
| #define HAVE_SYSLOG_H 1
| #define HAVE_SYS_SYSCTL_H 1
| /* end confdefs.h.  */
| #include <stddef.h>
| #ifdef HAVE_STDIO_H
| # include <stdio.h>
| #endif
| #ifdef HAVE_STDLIB_H
| # include <stdlib.h>
| #endif
| #ifdef HAVE_STRING_H
| # include <string.h>
| #endif
| #ifdef HAVE_INTTYPES_H
| # include <inttypes.h>
| #endif
| #ifdef HAVE_STDINT_H
| # include <stdint.h>
| #endif
| #ifdef HAVE_STRINGS_H
| # include <strings.h>
| #endif
| #ifdef HAVE_SYS_TYPES_H
| # include <sys/types.h>
| #endif
| #ifdef HAVE_SYS_STAT_H
| # include <sys/stat.h>
| #endif
| #ifdef HAVE_UNISTD_H
| # include <unistd.h>
| #endif
| #ifdef HAVE_SYS_ENDIAN_H
| #include <sys/endian.h>
| #endif
| 
| 
| int
| main (void)
| {
| #ifndef be32dec
| #ifdef __cplusplus
|   (void) be32dec;
| #else
|   (void) be32dec;
| #endif
| #endif
| 
|   ;
|   return 0;
| }
configure:6332: result: no
configure:6346: checking whether le32dec is declared
configure:6346: gcc -c -O3   conftest.c >&5
conftest.c:66:10: error: use of undeclared identifier 'le32dec'
   66 |   (void) le32dec;
      |          ^
1 error generated.
configure:6346: $? = 1
configure: failed program was:
| /* confdefs.h */
| #define PACKAGE_NAME "ccminer_CPU"
| #define PACKAGE_TARNAME "ccminer"
| #define PACKAGE_VERSION "3.8.3-4"
| #define PACKAGE_STRING "ccminer_CPU 3.8.3-4"
| #define PACKAGE_BUGREPORT ""
| #define PACKAGE_URL "http://github.com/monkins1010/ccminer"
| #define PACKAGE "ccminer"
| #define VERSION "3.8.3-4"
| #define HAVE_STDIO_H 1
| #define HAVE_STDLIB_H 1
| #define HAVE_STRING_H 1
| #define HAVE_INTTYPES_H 1
| #define HAVE_STDINT_H 1
| #define HAVE_STRINGS_H 1
| #define HAVE_SYS_STAT_H 1
| #define HAVE_SYS_TYPES_H 1
| #define HAVE_UNISTD_H 1
| #define STDC_HEADERS 1
| #define HAVE_SYS_ENDIAN_H 1
| #define HAVE_SYS_PARAM_H 1
| #define HAVE_SYSLOG_H 1
| #define HAVE_SYS_SYSCTL_H 1
| #define HAVE_DECL_BE32DEC 0
| /* end confdefs.h.  */
| #include <stddef.h>
| #ifdef HAVE_STDIO_H
| # include <stdio.h>
| #endif
| #ifdef HAVE_STDLIB_H
| # include <stdlib.h>
| #endif
| #ifdef HAVE_STRING_H
| # include <string.h>
| #endif
| #ifdef HAVE_INTTYPES_H
| # include <inttypes.h>
| #endif
| #ifdef HAVE_STDINT_H
| # include <stdint.h>
| #endif
| #ifdef HAVE_STRINGS_H
| # include <strings.h>
| #endif
| #ifdef HAVE_SYS_TYPES_H
| # include <sys/types.h>
| #endif
| #ifdef HAVE_SYS_STAT_H
| # include <sys/stat.h>
| #endif
| #ifdef HAVE_UNISTD_H
| # include <unistd.h>
| #endif
| #ifdef HAVE_SYS_ENDIAN_H
| #include <sys/endian.h>
| #endif
| 
| 
| int
| main (void)
| {
| #ifndef le32dec
| #ifdef __cplusplus
|   (void) le32dec;
| #else
|   (void) le32dec;
| #endif
| #endif
| 
|   ;
|   return 0;
| }
configure:6346: result: no
configure:6360: checking whether be32enc is declared
configure:6360: gcc -c -O3   conftest.c >&5
conftest.c:67:10: error: use of undeclared identifier 'be32enc'
   67 |   (void) be32enc;
      |          ^
1 error generated.
configure:6360: $? = 1
configure: failed program was:
| /* confdefs.h */
| #define PACKAGE_NAME "ccminer_CPU"
| #define PACKAGE_TARNAME "ccminer"
| #define PACKAGE_VERSION "3.8.3-4"
| #define PACKAGE_STRING "ccminer_CPU 3.8.3-4"
| #define PACKAGE_BUGREPORT ""
| #define PACKAGE_URL "http://github.com/monkins1010/ccminer"
| #define PACKAGE "ccminer"
| #define VERSION "3.8.3-4"
| #define HAVE_STDIO_H 1
| #define HAVE_STDLIB_H 1
| #define HAVE_STRING_H 1
| #define HAVE_INTTYPES_H 1
| #define HAVE_STDINT_H 1
| #define HAVE_STRINGS_H 1
| #define HAVE_SYS_STAT_H 1
| #define HAVE_SYS_TYPES_H 1
| #define HAVE_UNISTD_H 1
| #define STDC_HEADERS 1
| #define HAVE_SYS_ENDIAN_H 1
| #define HAVE_SYS_PARAM_H 1
| #define HAVE_SYSLOG_H 1
| #define HAVE_SYS_SYSCTL_H 1
| #define HAVE_DECL_BE32DEC 0
| #define HAVE_DECL_LE32DEC 0
| /* end confdefs.h.  */
| #include <stddef.h>
| #ifdef HAVE_STDIO_H
| # include <stdio.h>
| #endif
| #ifdef HAVE_STDLIB_H
| # include <stdlib.h>
| #endif
| #ifdef HAVE_STRING_H
| # include <string.h>
| #endif
| #ifdef HAVE_INTTYPES_H
| # include <inttypes.h>
| #endif
| #ifdef HAVE_STDINT_H
| # include <stdint.h>
| #endif
| #ifdef HAVE_STRINGS_H
| # include <strings.h>
| #endif
| #ifdef HAVE_SYS_TYPES_H
| # include <sys/types.h>
| #endif
| #ifdef HAVE_SYS_STAT_H
| # include <sys/stat.h>
| #endif
| #ifdef HAVE_UNISTD_H
| # include <unistd.h>
| #endif
| #ifdef HAVE_SYS_ENDIAN_H
| #include <sys/endian.h>
| #endif
| 
| 
| int
| main (void)
| {
| #ifndef be32enc
| #ifdef __cplusplus
|   (void) be32enc;
| #else
|   (void) be32enc;
| #endif
| #endif
| 
|   ;
|   return 0;
| }
configure:6360: result: no
configure:6374: checking whether le32enc is declared
configure:6374: gcc -c -O3   conftest.c >&5
conftest.c:68:10: error: use of undeclared identifier 'le32enc'
   68 |   (void) le32enc;
      |          ^
1 error generated.
configure:6374: $? = 1
configure: failed program was:
| /* confdefs.h */
| #define PACKAGE_NAME "ccminer_CPU"
| #define PACKAGE_TARNAME "ccminer"
| #define PACKAGE_VERSION "3.8.3-4"
| #define PACKAGE_STRING "ccminer_CPU 3.8.3-4"
| #define PACKAGE_BUGREPORT ""
| #define PACKAGE_URL "http://github.com/monkins1010/ccminer"
| #define PACKAGE "ccminer"
| #define VERSION "3.8.3-4"
| #define HAVE_STDIO_H 1
| #define HAVE_STDLIB_H 1
| #define HAVE_STRING_H 1
| #define HAVE_INTTYPES_H 1
| #define HAVE_STDINT_H 1
| #define HAVE_STRINGS_H 1
| #define HAVE_SYS_STAT_H 1
| #define HAVE_SYS_TYPES_H 1
| #define HAVE_UNISTD_H 1
| #define STDC_HEADERS 1
| #define HAVE_SYS_ENDIAN_H 1
| #define HAVE_SYS_PARAM_H 1
| #define HAVE_SYSLOG_H 1
| #define HAVE_SYS_SYSCTL_H 1
| #define HAVE_DECL_BE32DEC 0
| #define HAVE_DECL_LE32DEC 0
| #define HAVE_DECL_BE32ENC 0
| /* end confdefs.h.  */
| #include <stddef.h>
| #ifdef HAVE_STDIO_H
| # include <stdio.h>
| #endif
| #ifdef HAVE_STDLIB_H
| # include <stdlib.h>
| #endif
| #ifdef HAVE_STRING_H
| # include <string.h>
| #endif
| #ifdef HAVE_INTTYPES_H
| # include <inttypes.h>
| #endif
| #ifdef HAVE_STDINT_H
| # include <stdint.h>
| #endif
| #ifdef HAVE_STRINGS_H
| # include <strings.h>
| #endif
| #ifdef HAVE_SYS_TYPES_H
| # include <sys/types.h>
| #endif
| #ifdef HAVE_SYS_STAT_H
| # include <sys/stat.h>
| #endif
| #ifdef HAVE_UNISTD_H
| # include <unistd.h>
| #endif
| #ifdef HAVE_SYS_ENDIAN_H
| #include <sys/endian.h>
| #endif
| 
| 
| int
| main (void)
| {
| #ifndef le32enc
| #ifdef __cplusplus
|   (void) le32enc;
| #else
|   (void) le32enc;
| #endif
| #endif
| 
|   ;
|   return 0;
| }
configure:6374: result: no
configure:6390: checking for size_t
configure:6390: gcc -c -O3  conftest.c >&5
configure:6390: $? = 0
configure:6390: gcc -c -O3  conftest.c >&5
conftest.c:60:21: error: expected expression
   60 | if (sizeof ((size_t)))
      |                     ^
1 error generated.
configure:6390: $? = 1
configure: failed program was:
| /* confdefs.h */
| #define PACKAGE_NAME "ccminer_CPU"
| #define PACKAGE_TARNAME "ccminer"
| #define PACKAGE_VERSION "3.8.3-4"
| #define PACKAGE_STRING "ccminer_CPU 3.8.3-4"
| #define PACKAGE_BUGREPORT ""
| #define PACKAGE_URL "http://github.com/monkins1010/ccminer"
| #define PACKAGE "ccminer"
| #define VERSION "3.8.3-4"
| #define HAVE_STDIO_H 1
| #define HAVE_STDLIB_H 1
| #define HAVE_STRING_H 1
| #define HAVE_INTTYPES_H 1
| #define HAVE_STDINT_H 1
| #define HAVE_STRINGS_H 1
| #define HAVE_SYS_STAT_H 1
| #define HAVE_SYS_TYPES_H 1
| #define HAVE_UNISTD_H 1
| #define STDC_HEADERS 1
| #define HAVE_SYS_ENDIAN_H 1
| #define HAVE_SYS_PARAM_H 1
| #define HAVE_SYSLOG_H 1
| #define HAVE_SYS_SYSCTL_H 1
| #define HAVE_DECL_BE32DEC 0
| #define HAVE_DECL_LE32DEC 0
| #define HAVE_DECL_BE32ENC 0
| #define HAVE_DECL_LE32ENC 0
| /* end confdefs.h.  */
| #include <stddef.h>
| #ifdef HAVE_STDIO_H
| # include <stdio.h>
| #endif
| #ifdef HAVE_STDLIB_H
| # include <stdlib.h>
| #endif
| #ifdef HAVE_STRING_H
| # include <string.h>
| #endif
| #ifdef HAVE_INTTYPES_H
| # include <inttypes.h>
| #endif
| #ifdef HAVE_STDINT_H
| # include <stdint.h>
| #endif
| #ifdef HAVE_STRINGS_H
| # include <strings.h>
| #endif
| #ifdef HAVE_SYS_TYPES_H
| # include <sys/types.h>
| #endif
| #ifdef HAVE_SYS_STAT_H
| # include <sys/stat.h>
| #endif
| #ifdef HAVE_UNISTD_H
| # include <unistd.h>
| #endif
| int
| main (void)
| {
| if (sizeof ((size_t)))
| 	    return 0;
|   ;
|   return 0;
| }
configure:6390: result: yes
configure:6403: checking for working alloca.h
configure:6421: gcc -o conftest -O3   conftest.c  >&5
configure:6421: $? = 0
configure:6432: result: yes
configure:6440: checking for alloca
configure:6485: result: yes
configure:6554: checking for getopt_long
configure:6554: gcc -o conftest -O3   conftest.c  >&5
configure:6554: $? = 0
configure:6554: result: yes
configure:6591: checking for json_loads in -ljansson
configure:6620: gcc -o conftest -O3   conftest.c -ljansson   >&5
configure:6620: $? = 0
configure:6632: result: yes
configure:6642: checking for pthread_create in -lpthread
configure:6671: gcc -o conftest -O3   conftest.c -lpthread   >&5
configure:6671: $? = 0
configure:6683: result: yes
configure:6842: checking for gzopen in -lz
configure:6871: gcc -o conftest -O3   conftest.c -lz   >&5
configure:6871: $? = 0
configure:6883: result: yes
configure:6893: checking for SSL_free in -lssl
configure:6922: gcc -o conftest -O3   conftest.c -lssl  -lz  >&5
configure:6922: $? = 0
configure:6934: result: yes
configure:6947: checking for EVP_DigestFinal_ex in -lcrypto
configure:6976: gcc -o conftest -O3   conftest.c -lcrypto  -lssl -lz  >&5
configure:6976: $? = 0
configure:6988: result: yes
configure:7044: checking for an Android system
configure:7051: checking how to run the C preprocessor
configure:7077: gcc -E  conftest.c
configure:7077: $? = 0
configure:7093: gcc -E  conftest.c
conftest.c:35:10: fatal error: 'ac_nonexistent.h' file not found
   35 | #include <ac_nonexistent.h>
      |          ^~~~~~~~~~~~~~~~~~
1 error generated.
configure:7093: $? = 1
configure: failed program was:
| /* confdefs.h */
| #define PACKAGE_NAME "ccminer_CPU"
| #define PACKAGE_TARNAME "ccminer"
| #define PACKAGE_VERSION "3.8.3-4"
| #define PACKAGE_STRING "ccminer_CPU 3.8.3-4"
| #define PACKAGE_BUGREPORT ""
| #define PACKAGE_URL "http://github.com/monkins1010/ccminer"
| #define PACKAGE "ccminer"
| #define VERSION "3.8.3-4"
| #define HAVE_STDIO_H 1
| #define HAVE_STDLIB_H 1
| #define HAVE_STRING_H 1
| #define HAVE_INTTYPES_H 1
| #define HAVE_STDINT_H 1
| #define HAVE_STRINGS_H 1
| #define HAVE_SYS_STAT_H 1
| #define HAVE_SYS_TYPES_H 1
| #define HAVE_UNISTD_H 1
| #define STDC_HEADERS 1
| #define HAVE_SYS_ENDIAN_H 1
| #define HAVE_SYS_PARAM_H 1
| #define HAVE_SYSLOG_H 1
| #define HAVE_SYS_SYSCTL_H 1
| #define HAVE_DECL_BE32DEC 0
| #define HAVE_DECL_LE32DEC 0
| #define HAVE_DECL_BE32ENC 0
| #define HAVE_DECL_LE32ENC 0
| #define HAVE_ALLOCA_H 1
| #define HAVE_ALLOCA 1
| #define HAVE_GETOPT_LONG 1
| #define HAVE_LIBZ 1
| #define HAVE_LIBSSL 1
| #define HAVE_LIBCRYPTO 1
| /* end confdefs.h.  */
| #include <ac_nonexistent.h>
configure:7122: result: gcc -E
configure:7136: gcc -E  conftest.c
configure:7136: $? = 0
configure:7152: gcc -E  conftest.c
conftest.c:35:10: fatal error: 'ac_nonexistent.h' file not found
   35 | #include <ac_nonexistent.h>
      |          ^~~~~~~~~~~~~~~~~~
1 error generated.
configure:7152: $? = 1
configure: failed program was:
| /* confdefs.h */
| #define PACKAGE_NAME "ccminer_CPU"
| #define PACKAGE_TARNAME "ccminer"
| #define PACKAGE_VERSION "3.8.3-4"
| #define PACKAGE_STRING "ccminer_CPU 3.8.3-4"
| #define PACKAGE_BUGREPORT ""
| #define PACKAGE_URL "http://github.com/monkins1010/ccminer"
| #define PACKAGE "ccminer"
| #define VERSION "3.8.3-4"
| #define HAVE_STDIO_H 1
| #define HAVE_STDLIB_H 1
| #define HAVE_STRING_H 1
| #define HAVE_INTTYPES_H 1
| #define HAVE_STDINT_H 1
| #define HAVE_STRINGS_H 1
| #define HAVE_SYS_STAT_H 1
| #define HAVE_SYS_TYPES_H 1
| #define HAVE_UNISTD_H 1
| #define STDC_HEADERS 1
| #define HAVE_SYS_ENDIAN_H 1
| #define HAVE_SYS_PARAM_H 1
| #define HAVE_SYSLOG_H 1
| #define HAVE_SYS_SYSCTL_H 1
| #define HAVE_DECL_BE32DEC 0
| #define HAVE_DECL_LE32DEC 0
| #define HAVE_DECL_BE32ENC 0
| #define HAVE_DECL_LE32ENC 0
| #define HAVE_ALLOCA_H 1
| #define HAVE_ALLOCA 1
| #define HAVE_GETOPT_LONG 1
| #define HAVE_LIBZ 1
| #define HAVE_LIBSSL 1
| #define HAVE_LIBCRYPTO 1
| /* end confdefs.h.  */
| #include <ac_nonexistent.h>
configure:7199: gcc -E  conftest.c
configure:7199: $? = 0
configure:7201: result: yes
configure:7266: checking for gawk
configure:7299: result: gawk
configure:7367: checking for curl-config
configure:7390: found /data/data/com.termux/files/usr/bin/curl-config
configure:7403: result: /data/data/com.termux/files/usr/bin/curl-config
configure:7414: checking for the version of libcurl
configure:7423: result: 8.10.1
configure:7430: checking for libcurl >= version 7.15.2
configure:7445: result: yes
configure:7486: checking whether libcurl is usable
configure:7521: gcc -o conftest -O3 -I/data/data/com.termux/files/usr/include   conftest.c -L/data/data/com.termux/files/usr/lib -lcurl -lcrypto -lssl -lz  >&5
configure:7521: $? = 0
configure:7538: result: yes
configure:7551: checking whether curl_free is declared
configure:7551: gcc -c -O3   -I/data/data/com.termux/files/usr/include conftest.c >&5
configure:7551: $? = 0
configure:7551: result: yes
configure:7824: checking that generated files are newer than configure
configure:7830: result: done
configure:7905: creating ./config.status

## ---------------------- ##
## Running config.status. ##
## ---------------------- ##

This file was extended by ccminer_CPU config.status 3.8.3-4, which was
generated by GNU Autoconf 2.72.  Invocation command line was

  CONFIG_FILES    = 
  CONFIG_HEADERS  = 
  CONFIG_LINKS    = 
  CONFIG_COMMANDS = 
  $ ./config.status 

on localhost

config.status:965: creating Makefile
config.status:965: creating compat/Makefile
config.status:965: creating compat/jansson/Makefile
config.status:965: creating ccminer-config.h
config.status:1194: executing depfiles commands
config.status:1269: cd .       && sed -e '/# am--include-marker/d' Makefile         | make -f - am--depfiles
config.status:1276: $? = 0
config.status:1269: cd compat/jansson       && sed -e '/# am--include-marker/d' Makefile         | make -f - am--depfiles
config.status:1276: $? = 0

## ---------------- ##
## Cache variables. ##
## ---------------- ##

ac_cv_build='aarch64-unknown-linux-gnu'
ac_cv_c_compiler_gnu='yes'
ac_cv_c_undeclared_builtin_options='none needed'
ac_cv_cxx_compiler_gnu='yes'
ac_cv_env_CCASFLAGS_set=''
ac_cv_env_CCASFLAGS_value=''
ac_cv_env_CCAS_set=''
ac_cv_env_CCAS_value=''
ac_cv_env_CCC_set=''
ac_cv_env_CCC_value=''
ac_cv_env_CC_set=''
ac_cv_env_CC_value=''
ac_cv_env_CFLAGS_set='set'
ac_cv_env_CFLAGS_value='-O3'
ac_cv_env_CPPFLAGS_set=''
ac_cv_env_CPPFLAGS_value=''
ac_cv_env_CPP_set=''
ac_cv_env_CPP_value=''
ac_cv_env_CXXFLAGS_set=''
ac_cv_env_CXXFLAGS_value=''
ac_cv_env_CXX_set=''
ac_cv_env_CXX_value=''
ac_cv_env_LDFLAGS_set=''
ac_cv_env_LDFLAGS_value=''
ac_cv_env_LIBS_set=''
ac_cv_env_LIBS_value=''
ac_cv_env_build_alias_set=''
ac_cv_env_build_alias_value=''
ac_cv_env_host_alias_set=''
ac_cv_env_host_alias_value=''
ac_cv_env_target_alias_set=''
ac_cv_env_target_alias_value=''
ac_cv_func_alloca_works='yes'
ac_cv_func_getopt_long='yes'
ac_cv_have_decl_be32dec='no'
ac_cv_have_decl_be32enc='no'
ac_cv_have_decl_curl_free='yes'
ac_cv_have_decl_le32dec='no'
ac_cv_have_decl_le32enc='no'
ac_cv_header_inttypes_h='yes'
ac_cv_header_stdint_h='yes'
ac_cv_header_stdio_h='yes'
ac_cv_header_stdlib_h='yes'
ac_cv_header_string_h='yes'
ac_cv_header_strings_h='yes'
ac_cv_header_sys_endian_h='yes'
ac_cv_header_sys_param_h='yes'
ac_cv_header_sys_stat_h='yes'
ac_cv_header_sys_sysctl_h='yes'
ac_cv_header_sys_types_h='yes'
ac_cv_header_syslog_h='yes'
ac_cv_header_unistd_h='yes'
ac_cv_host='aarch64-unknown-linux-gnu'
ac_cv_lib_crypto_EVP_DigestFinal_ex='yes'
ac_cv_lib_jansson_json_loads='yes'
ac_cv_lib_pthread_pthread_create='yes'
ac_cv_lib_ssl_SSL_free='yes'
ac_cv_lib_z_gzopen='yes'
ac_cv_objext='o'
ac_cv_path_EGREP='/data/data/com.termux/files/usr/bin/grep -E'
ac_cv_path_EGREP_TRADITIONAL='/data/data/com.termux/files/usr/bin/grep -E'
ac_cv_path_GREP='/data/data/com.termux/files/usr/bin/grep'
ac_cv_path__libcurl_config='/data/data/com.termux/files/usr/bin/curl-config'
ac_cv_path_install='/data/data/com.termux/files/usr/bin/install -c'
ac_cv_path_mkdir='/data/data/com.termux/files/usr/bin/mkdir'
ac_cv_prog_AWK='gawk'
ac_cv_prog_CPP='gcc -E'
ac_cv_prog_ac_ct_CC='gcc'
ac_cv_prog_ac_ct_CXX='g++'
ac_cv_prog_ac_ct_RANLIB='ranlib'
ac_cv_prog_c_openmp='-fopenmp'
ac_cv_prog_cc_c11=''
ac_cv_prog_cc_g='yes'
ac_cv_prog_cc_stdc=''
ac_cv_prog_cxx_cxx11='no'
ac_cv_prog_cxx_cxx98='no'
ac_cv_prog_cxx_g='yes'
ac_cv_prog_make_make_set='yes'
ac_cv_target='aarch64-unknown-linux-gnu'
ac_cv_type_size_t='yes'
ac_cv_working_alloca_h='yes'
am_cv_CCAS_dependencies_compiler_type='gcc3'
am_cv_CC_dependencies_compiler_type='gcc3'
am_cv_CXX_dependencies_compiler_type='gcc3'
am_cv_filesystem_timestamp_resolution='0.01'
am_cv_make_support_nested_variables='yes'
am_cv_prog_cc_c_o='yes'
am_cv_sleep_fractional_seconds='yes'
am_cv_xargs_n_works='yes'
libcurl_cv_lib_curl_usable='yes'
libcurl_cv_lib_curl_version='8.10.1'
libcurl_cv_lib_version_ok='yes'

## ----------------- ##
## Output variables. ##
## ----------------- ##

ACLOCAL='${SHELL} '\''/data/data/com.termux/files/home/ccminer/missing'\'' aclocal-1.17'
ALLOCA=''
AMDEPBACKSLASH='\'
AMDEP_FALSE='#'
AMDEP_TRUE=''
AMTAR='$${TAR-tar}'
AM_BACKSLASH='\'
AM_DEFAULT_V='$(AM_DEFAULT_VERBOSITY)'
AM_DEFAULT_VERBOSITY='1'
AM_V='$(V)'
ARCH_x86_64_FALSE=''
ARCH_x86_64_TRUE='#'
ARCH_x86_FALSE=''
ARCH_x86_TRUE='#'
AUTOCONF='${SHELL} '\''/data/data/com.termux/files/home/ccminer/missing'\'' autoconf'
AUTOHEADER='${SHELL} '\''/data/data/com.termux/files/home/ccminer/missing'\'' autoheader'
AUTOMAKE='${SHELL} '\''/data/data/com.termux/files/home/ccminer/missing'\'' automake-1.17'
AWK='gawk'
CC='gcc'
CCAS='gcc'
CCASDEPMODE='depmode=gcc3'
CCASFLAGS='-O3'
CCDEPMODE='depmode=gcc3'
CFLAGS='-O3'
CPP='gcc -E'
CPPFLAGS=''
CSCOPE='cscope'
CTAGS='ctags'
CUDA_CFLAGS=''
CUDA_INCLUDES='-I/usr/local/cuda/include'
CUDA_LDFLAGS='-L/usr/local/cuda/lib'
CUDA_LIBS='-lcudart -static-libstdc++'
CXX='g++'
CXXDEPMODE='depmode=gcc3'
CXXFLAGS='-g -O2'
CYGPATH_W='echo'
DEFS='-DHAVE_CONFIG_H'
DEPDIR='.deps'
ECHO_C=''
ECHO_N='-n'
ECHO_T=''
EGREP='/data/data/com.termux/files/usr/bin/grep -E'
ETAGS='etags'
EXEEXT=''
GREP='/data/data/com.termux/files/usr/bin/grep'
HAVE_ANDROID_FALSE='#'
HAVE_ANDROID_TRUE=''
HAVE_NVML_FALSE=''
HAVE_NVML_TRUE='#'
HAVE_OSX_FALSE=''
HAVE_OSX_TRUE='#'
HAVE_WINDOWS_FALSE=''
HAVE_WINDOWS_TRUE='#'
INSTALL_DATA='${INSTALL} -m 644'
INSTALL_PROGRAM='${INSTALL}'
INSTALL_SCRIPT='${INSTALL}'
INSTALL_STRIP_PROGRAM='$(install_sh) -c -s'
JANSSON_LIBS='-ljansson'
LDFLAGS=''
LIBCURL='-L/data/data/com.termux/files/usr/lib -lcurl'
LIBCURL_CPPFLAGS='-I/data/data/com.termux/files/usr/include'
LIBOBJS=''
LIBS='-lcrypto -lssl -lz '
LTLIBOBJS=''
MAINT='#'
MAINTAINER_MODE_FALSE=''
MAINTAINER_MODE_TRUE='#'
MAKEINFO='${SHELL} '\''/data/data/com.termux/files/home/ccminer/missing'\'' makeinfo'
MKDIR_P='/data/data/com.termux/files/usr/bin/mkdir -p'
NVCC='nvcc'
NVML_LIBPATH=''
OBJEXT='o'
OPENMP_CFLAGS='-fopenmp'
PACKAGE='ccminer'
PACKAGE_BUGREPORT=''
PACKAGE_NAME='ccminer_CPU'
PACKAGE_STRING='ccminer_CPU 3.8.3-4'
PACKAGE_TARNAME='ccminer'
PACKAGE_URL='http://github.com/monkins1010/ccminer'
PACKAGE_VERSION='3.8.3-4'
PATH_SEPARATOR=':'
PTHREAD_FLAGS='-pthread'
PTHREAD_LIBS='-lpthread'
RANLIB='ranlib'
SET_MAKE=''
SHELL='/data/data/com.termux/files/usr/bin/sh'
STRIP=''
VERSION='3.8.3-4'
WANT_JANSSON_FALSE=''
WANT_JANSSON_TRUE='#'
WS2_LIBS=''
_libcurl_config=''
ac_ct_CC='gcc'
ac_ct_CXX='g++'
am__EXEEXT_FALSE=''
am__EXEEXT_TRUE='#'
am__fastdepCCAS_FALSE='#'
am__fastdepCCAS_TRUE=''
am__fastdepCC_FALSE='#'
am__fastdepCC_TRUE=''
am__fastdepCXX_FALSE='#'
am__fastdepCXX_TRUE=''
am__include='include'
am__isrc=''
am__leading_dot='.'
am__nodep='_no'
am__quote=''
am__rm_f_notfound=''
am__tar='$${TAR-tar} chof - "$$tardir"'
am__untar='$${TAR-tar} xf -'
am__xargs_n='xargs -n'
bindir='${exec_prefix}/bin'
build='aarch64-unknown-linux-gnu'
build_alias=''
build_cpu='aarch64'
build_os='linux-gnu'
build_vendor='unknown'
datadir='${datarootdir}'
datarootdir='${prefix}/share'
docdir='${datarootdir}/doc/${PACKAGE_TARNAME}'
dvidir='${docdir}'
exec_prefix='${prefix}'
host='aarch64-unknown-linux-gnu'
host_alias=''
host_cpu='aarch64'
host_os='linux-gnu'
host_vendor='unknown'
htmldir='${docdir}'
includedir='${prefix}/include'
infodir='${datarootdir}/info'
install_sh='${SHELL} /data/data/com.termux/files/home/ccminer/install-sh'
libdir='${exec_prefix}/lib'
libexecdir='${exec_prefix}/libexec'
localedir='${datarootdir}/locale'
localstatedir='${prefix}/var'
mandir='${datarootdir}/man'
mkdir_p='$(MKDIR_P)'
oldincludedir='/usr/include'
pdfdir='${docdir}'
prefix='/usr/local'
program_transform_name='s,x,x,'
psdir='${docdir}'
runstatedir='${localstatedir}/run'
sbindir='${exec_prefix}/sbin'
sharedstatedir='${prefix}/com'
sysconfdir='${prefix}/etc'
target='aarch64-unknown-linux-gnu'
target_alias=''
target_cpu='aarch64'
target_os='linux-gnu'
target_vendor='unknown'

## ----------- ##
## confdefs.h. ##
## ----------- ##

/* confdefs.h */
#define PACKAGE_NAME "ccminer_CPU"
#define PACKAGE_TARNAME "ccminer"
#define PACKAGE_VERSION "3.8.3-4"
#define PACKAGE_STRING "ccminer_CPU 3.8.3-4"
#define PACKAGE_BUGREPORT ""
#define PACKAGE_URL "http://github.com/monkins1010/ccminer"
#define PACKAGE "ccminer"
#define VERSION "3.8.3-4"
#define HAVE_STDIO_H 1
#define HAVE_STDLIB_H 1
#define HAVE_STRING_H 1
#define HAVE_INTTYPES_H 1
#define HAVE_STDINT_H 1
#define HAVE_STRINGS_H 1
#define HAVE_SYS_STAT_H 1
#define HAVE_SYS_TYPES_H 1
#define HAVE_UNISTD_H 1
#define STDC_HEADERS 1
#define HAVE_SYS_ENDIAN_H 1
#define HAVE_SYS_PARAM_H 1
#define HAVE_SYSLOG_H 1
#define HAVE_SYS_SYSCTL_H 1
#define HAVE_DECL_BE32DEC 0
#define HAVE_DECL_LE32DEC 0
#define HAVE_DECL_BE32ENC 0
#define HAVE_DECL_LE32ENC 0
#define HAVE_ALLOCA_H 1
#define HAVE_ALLOCA 1
#define HAVE_GETOPT_LONG 1
#define HAVE_LIBZ 1
#define HAVE_LIBSSL 1
#define HAVE_LIBCRYPTO 1
#define HAVE_LIBCURL 1
#define LIBCURL_FEATURE_ALT_SVC 1
#define LIBCURL_FEATURE_ASYNCHDNS 1
#define LIBCURL_FEATURE_HSTS 1
#define LIBCURL_FEATURE_HTTP2 1
#define LIBCURL_FEATURE_HTTP3 1
#define LIBCURL_FEATURE_HTTPS_PROXY 1
#define LIBCURL_FEATURE_IPV6 1
#define LIBCURL_FEATURE_LARGEFILE 1
#define LIBCURL_FEATURE_LIBZ 1
#define LIBCURL_FEATURE_NTLM 1
#define LIBCURL_FEATURE_SSL 1
#define LIBCURL_FEATURE_THREADSAFE 1
#define LIBCURL_FEATURE_UNIXSOCKETS 1
#define LIBCURL_PROTOCOL_DICT 1
#define LIBCURL_PROTOCOL_FILE 1
#define LIBCURL_PROTOCOL_FTP 1
#define LIBCURL_PROTOCOL_FTPS 1
#define LIBCURL_PROTOCOL_GOPHER 1
#define LIBCURL_PROTOCOL_GOPHERS 1
#define LIBCURL_PROTOCOL_HTTP 1
#define LIBCURL_PROTOCOL_HTTPS 1
#define LIBCURL_PROTOCOL_IMAP 1
#define LIBCURL_PROTOCOL_IMAPS 1
#define LIBCURL_PROTOCOL_IPFS 1
#define LIBCURL_PROTOCOL_IPNS 1
#define LIBCURL_PROTOCOL_MQTT 1
#define LIBCURL_PROTOCOL_POP3 1
#define LIBCURL_PROTOCOL_POP3S 1
#define LIBCURL_PROTOCOL_RTSP 1
#define LIBCURL_PROTOCOL_SCP 1
#define LIBCURL_PROTOCOL_SFTP 1
#define LIBCURL_PROTOCOL_SMB 1
#define LIBCURL_PROTOCOL_SMBS 1
#define LIBCURL_PROTOCOL_SMTP 1
#define LIBCURL_PROTOCOL_SMTPS 1
#define LIBCURL_PROTOCOL_TELNET 1
#define LIBCURL_PROTOCOL_TFTP 1

configure: exit 0
